Traceback (most recent call last):
  File "/home/galj_octavio/vigilante_calidad.py", line 10, in <module>
    import psycopg2
ModuleNotFoundError: No module named 'psycopg2'
Traceback (most recent call last):
  File "/home/galj_octavio/vigilante_calidad.py", line 10, in <module>
    import psycopg2
ModuleNotFoundError: No module named 'psycopg2'
Traceback (most recent call last):
  File "/home/galj_octavio/vigilante_calidad.py", line 10, in <module>
    import psycopg2
ModuleNotFoundError: No module named 'psycopg2'
Traceback (most recent call last):
  File "/home/galj_octavio/vigilante_calidad.py", line 10, in <module>
    import psycopg2
ModuleNotFoundError: No module named 'psycopg2'
Traceback (most recent call last):
  File "/home/galj_octavio/vigilante_calidad.py", line 10, in <module>
    import psycopg2
ModuleNotFoundError: No module named 'psycopg2'
Traceback (most recent call last):
  File "/home/galj_octavio/vigilante_calidad.py", line 10, in <module>
    import psycopg2
ModuleNotFoundError: No module named 'psycopg2'
Traceback (most recent call last):
  File "/home/galj_octavio/vigilante_calidad.py", line 10, in <module>
    import psycopg2
ModuleNotFoundError: No module named 'psycopg2'
Traceback (most recent call last):
  File "/home/galj_octavio/vigilante_calidad.py", line 10, in <module>
    import psycopg2
ModuleNotFoundError: No module named 'psycopg2'
Traceback (most recent call last):
  File "/home/galj_octavio/vigilante_calidad.py", line 10, in <module>
    import psycopg2
ModuleNotFoundError: No module named 'psycopg2'
Traceback (most recent call last):
  File "/home/galj_octavio/vigilante_calidad.py", line 10, in <module>
    import psycopg2
ModuleNotFoundError: No module named 'psycopg2'
Traceback (most recent call last):
  File "/home/galj_octavio/vigilante_calidad.py", line 10, in <module>
    import psycopg2
ModuleNotFoundError: No module named 'psycopg2'
Traceback (most recent call last):
  File "/home/galj_octavio/vigilante_calidad.py", line 10, in <module>
    import psycopg2
ModuleNotFoundError: No module named 'psycopg2'
Traceback (most recent call last):
  File "/home/galj_octavio/vigilante_calidad.py", line 10, in <module>
    import psycopg2
ModuleNotFoundError: No module named 'psycopg2'
Traceback (most recent call last):
  File "/home/galj_octavio/vigilante_calidad.py", line 10, in <module>
    import psycopg2
ModuleNotFoundError: No module named 'psycopg2'
Traceback (most recent call last):
  File "/home/galj_octavio/vigilante_calidad.py", line 10, in <module>
    import psycopg2
ModuleNotFoundError: No module named 'psycopg2'
Traceback (most recent call last):
  File "/home/galj_octavio/vigilante_calidad.py", line 10, in <module>
    import psycopg2
ModuleNotFoundError: No module named 'psycopg2'
Traceback (most recent call last):
  File "/home/galj_octavio/vigilante_calidad.py", line 10, in <module>
    import psycopg2
ModuleNotFoundError: No module named 'psycopg2'
Traceback (most recent call last):
  File "/home/galj_octavio/vigilante_calidad.py", line 10, in <module>
    import psycopg2
ModuleNotFoundError: No module named 'psycopg2'
Traceback (most recent call last):
  File "/home/galj_octavio/vigilante_calidad.py", line 10, in <module>
    import psycopg2
ModuleNotFoundError: No module named 'psycopg2'
Traceback (most recent call last):
  File "/home/galj_octavio/vigilante_calidad.py", line 10, in <module>
    import psycopg2
ModuleNotFoundError: No module named 'psycopg2'
Traceback (most recent call last):
  File "/home/galj_octavio/vigilante_calidad.py", line 10, in <module>
    import psycopg2
ModuleNotFoundError: No module named 'psycopg2'
Traceback (most recent call last):
  File "/home/galj_octavio/vigilante_calidad.py", line 10, in <module>
    import psycopg2
ModuleNotFoundError: No module named 'psycopg2'
Traceback (most recent call last):
  File "/home/galj_octavio/vigilante_calidad.py", line 10, in <module>
    import psycopg2
ModuleNotFoundError: No module named 'psycopg2'
Traceback (most recent call last):
  File "/home/galj_octavio/vigilante_calidad.py", line 10, in <module>
    import psycopg2
ModuleNotFoundError: No module named 'psycopg2'
==================================================
--- Iniciando VIGILANTE v2.3 (2025-10-17 06:00:04) ---
❌ ERROR de conexión con la Base de Datos. Abortando. Detalles: connection to server at "aws-1-us-east-2.pooler.supabase.com" (3.148.140.216), port 6543 failed: SSL connection has been closed unexpectedly

==================================================
--- Iniciando VIGILANTE v2.3 (2025-10-17 07:00:02) ---
✅ Conexión con Base de Datos exitosa.
✅ Se encontraron 4 clientes en la base de datos.

--- Verificando alertas para: Juan Gallardo (30C6F7261434) ---
-> Verificando estado de conexión...

Enviando WhatsApp (Plantilla HXfe7b0a2828a9cdc7387a2cd32fbe10bb) a: +5213310043159...
✔️ Alerta enviada exitosamente.
-> Verificando brinco de escalón de tarifa...

--- Verificando alertas para: Miriam Montero (prueba1) ---
-> Verificando estado de conexión...

Enviando WhatsApp (Plantilla HXfe7b0a2828a9cdc7387a2cd32fbe10bb) a: +5213310043159...
✔️ Alerta enviada exitosamente.
-> Verificando brinco de escalón de tarifa...

--- Verificando alertas para: Miriam Montero (prueba) ---
-> Verificando estado de conexión...

Enviando WhatsApp (Plantilla HXfe7b0a2828a9cdc7387a2cd32fbe10bb) a: +5213310043159...
✔️ Alerta enviada exitosamente.
-> Verificando brinco de escalón de tarifa...

--- Verificando alertas para: LUIS FRANCISCO (prueba 3) ---
-> Verificando estado de conexión...

Enviando WhatsApp (Plantilla HXfe7b0a2828a9cdc7387a2cd32fbe10bb) a: +5213310043159...
✔️ Alerta enviada exitosamente.
-> Verificando brinco de escalón de tarifa...

🔌 Conexión con Base de Datos cerrada.

--- VIGILANTE v2.3 completado. ---
==================================================
==================================================
--- Iniciando VIGILANTE v2.3 (2025-10-17 08:00:02) ---
✅ Conexión con Base de Datos exitosa.
✅ Se encontraron 2 clientes en la base de datos.

--- Verificando alertas para: Juan Gallardo (30C6F7261434) ---
-> Verificando estado de conexión...

Enviando WhatsApp (Plantilla HXfe7b0a2828a9cdc7387a2cd32fbe10bb) a: +5213310043159...
✔️ Alerta enviada exitosamente.
-> Verificando brinco de escalón de tarifa...

--- Verificando alertas para: Juan Octavio (30C6F7261434) ---
-> Verificando estado de conexión...

Enviando WhatsApp (Plantilla HXfe7b0a2828a9cdc7387a2cd32fbe10bb) a: +5213310043159...
✔️ Alerta enviada exitosamente.
-> Verificando brinco de escalón de tarifa...

🔌 Conexión con Base de Datos cerrada.

--- VIGILANTE v2.3 completado. ---
==================================================
==================================================
--- Iniciando VIGILANTE v2.3 (2025-10-17 09:00:02) ---
✅ Conexión con Base de Datos exitosa.
✅ Se encontraron 2 clientes en la base de datos.

--- Verificando alertas para: Juan Gallardo (30C6F7261434) ---
-> Verificando estado de conexión...

Enviando WhatsApp (Plantilla HXfe7b0a2828a9cdc7387a2cd32fbe10bb) a: +5213310043159...
✔️ Alerta enviada exitosamente.
-> Verificando brinco de escalón de tarifa...

--- Verificando alertas para: Juan Octavio (30C6F7261434) ---
-> Verificando estado de conexión...

Enviando WhatsApp (Plantilla HXfe7b0a2828a9cdc7387a2cd32fbe10bb) a: +5213310043159...
✔️ Alerta enviada exitosamente.
-> Verificando brinco de escalón de tarifa...

🔌 Conexión con Base de Datos cerrada.

--- VIGILANTE v2.3 completado. ---
==================================================
==================================================
--- Iniciando VIGILANTE v2.3 (2025-10-17 10:00:02) ---
✅ Conexión con Base de Datos exitosa.
✅ Se encontraron 2 clientes en la base de datos.

--- Verificando alertas para: Juan Gallardo (30C6F7261434) ---
-> Verificando estado de conexión...

Enviando WhatsApp (Plantilla HXfe7b0a2828a9cdc7387a2cd32fbe10bb) a: +5213310043159...
✔️ Alerta enviada exitosamente.
-> Verificando brinco de escalón de tarifa...

--- Verificando alertas para: Juan Octavio (30C6F7261434) ---
-> Verificando estado de conexión...

Enviando WhatsApp (Plantilla HXfe7b0a2828a9cdc7387a2cd32fbe10bb) a: +5213310043159...
✔️ Alerta enviada exitosamente.
-> Verificando brinco de escalón de tarifa...

🔌 Conexión con Base de Datos cerrada.

--- VIGILANTE v2.3 completado. ---
==================================================
==================================================
--- Iniciando VIGILANTE v2.3 (2025-10-17 11:00:02) ---
❌ ERROR de conexión con la Base de Datos. Abortando. Detalles: connection to server at "aws-1-us-east-2.pooler.supabase.com" (3.148.140.216), port 6543 failed: SSL connection has been closed unexpectedly

==================================================
--- Iniciando VIGILANTE v2.3 (2025-10-17 12:00:02) ---
❌ ERROR de conexión con la Base de Datos. Abortando. Detalles: connection to server at "aws-1-us-east-2.pooler.supabase.com" (3.148.140.216), port 6543 failed: SSL connection has been closed unexpectedly

==================================================
--- Iniciando VIGILANTE v2.3 (2025-10-17 13:00:02) ---
❌ ERROR de conexión con la Base de Datos. Abortando. Detalles: connection to server at "aws-1-us-east-2.pooler.supabase.com" (3.148.140.216), port 6543 failed: SSL connection has been closed unexpectedly

==================================================
--- Iniciando VIGILANTE v2.3 (2025-10-17 14:00:02) ---
✅ Conexión con Base de Datos exitosa.
✅ Se encontraron 2 clientes en la base de datos.

--- Verificando alertas para: Juan Gallardo (30C6F7261434) ---
-> Verificando estado de conexión...

Enviando WhatsApp (Plantilla HXfe7b0a2828a9cdc7387a2cd32fbe10bb) a: +5213310043159...
✔️ Alerta enviada exitosamente.
-> Verificando brinco de escalón de tarifa...

--- Verificando alertas para: Juan Octavio (30C6F7261434) ---
-> Verificando estado de conexión...

Enviando WhatsApp (Plantilla HXfe7b0a2828a9cdc7387a2cd32fbe10bb) a: +5213310043159...
✔️ Alerta enviada exitosamente.
-> Verificando brinco de escalón de tarifa...

🔌 Conexión con Base de Datos cerrada.

--- VIGILANTE v2.3 completado. ---
==================================================
==================================================
--- Iniciando VIGILANTE v2.3 (2025-10-17 15:00:03) ---
✅ Conexión con Base de Datos exitosa.
✅ Se encontraron 2 clientes en la base de datos.

--- Verificando alertas para: Juan Gallardo (30C6F7261434) ---
-> Verificando estado de conexión...

Enviando WhatsApp (Plantilla HXfe7b0a2828a9cdc7387a2cd32fbe10bb) a: +5213310043159...
✔️ Alerta enviada exitosamente.
-> Verificando brinco de escalón de tarifa...

--- Verificando alertas para: Juan Octavio (30C6F7261434) ---
-> Verificando estado de conexión...

Enviando WhatsApp (Plantilla HXfe7b0a2828a9cdc7387a2cd32fbe10bb) a: +5213310043159...
✔️ Alerta enviada exitosamente.
-> Verificando brinco de escalón de tarifa...

🔌 Conexión con Base de Datos cerrada.

--- VIGILANTE v2.3 completado. ---
==================================================
==================================================
--- Iniciando VIGILANTE v2.3 (2025-10-17 16:00:02) ---
✅ Conexión con Base de Datos exitosa.
✅ Se encontraron 2 clientes en la base de datos.

--- Verificando alertas para: Juan Gallardo (30C6F7261434) ---
-> Verificando estado de conexión...

Enviando WhatsApp (Plantilla HXfe7b0a2828a9cdc7387a2cd32fbe10bb) a: +5213310043159...
✔️ Alerta enviada exitosamente.
-> Verificando brinco de escalón de tarifa...

--- Verificando alertas para: Juan Octavio (30C6F7261434) ---
-> Verificando estado de conexión...

Enviando WhatsApp (Plantilla HXfe7b0a2828a9cdc7387a2cd32fbe10bb) a: +5213310043159...
✔️ Alerta enviada exitosamente.
-> Verificando brinco de escalón de tarifa...

🔌 Conexión con Base de Datos cerrada.

--- VIGILANTE v2.3 completado. ---
==================================================
==================================================
--- Iniciando VIGILANTE v2.3 (2025-10-17 17:00:02) ---
✅ Conexión con Base de Datos exitosa.
✅ Se encontraron 2 clientes en la base de datos.

--- Verificando alertas para: Juan Gallardo (30C6F7261434) ---
-> Verificando estado de conexión...

Enviando WhatsApp (Plantilla HXfe7b0a2828a9cdc7387a2cd32fbe10bb) a: +5213310043159...
✔️ Alerta enviada exitosamente.
-> Verificando brinco de escalón de tarifa...

--- Verificando alertas para: Juan Octavio (30C6F7261434) ---
-> Verificando estado de conexión...

Enviando WhatsApp (Plantilla HXfe7b0a2828a9cdc7387a2cd32fbe10bb) a: +5213310043159...
✔️ Alerta enviada exitosamente.
-> Verificando brinco de escalón de tarifa...

🔌 Conexión con Base de Datos cerrada.

--- VIGILANTE v2.3 completado. ---
==================================================
==================================================
--- Iniciando VIGILANTE v2.3 (2025-10-17 18:00:02) ---
✅ Conexión con Base de Datos exitosa.
✅ Se encontraron 2 clientes en la base de datos.

--- Verificando alertas para: Juan Gallardo (30C6F7261434) ---
-> Verificando estado de conexión...

Enviando WhatsApp (Plantilla HXfe7b0a2828a9cdc7387a2cd32fbe10bb) a: +5213310043159...
✔️ Alerta enviada exitosamente.
-> Verificando brinco de escalón de tarifa...

--- Verificando alertas para: Juan Octavio (30C6F7261434) ---
-> Verificando estado de conexión...

Enviando WhatsApp (Plantilla HXfe7b0a2828a9cdc7387a2cd32fbe10bb) a: +5213310043159...
✔️ Alerta enviada exitosamente.
-> Verificando brinco de escalón de tarifa...

🔌 Conexión con Base de Datos cerrada.

--- VIGILANTE v2.3 completado. ---
==================================================
==================================================
--- Iniciando VIGILANTE v2.3 (2025-10-17 19:00:02) ---
✅ Conexión con Base de Datos exitosa.
✅ Se encontraron 2 clientes en la base de datos.

--- Verificando alertas para: Juan Gallardo (30C6F7261434) ---
-> Verificando estado de conexión...

Enviando WhatsApp (Plantilla HXfe7b0a2828a9cdc7387a2cd32fbe10bb) a: +5213310043159...
✔️ Alerta enviada exitosamente.
-> Verificando brinco de escalón de tarifa...

--- Verificando alertas para: Juan Octavio (30C6F7261434) ---
-> Verificando estado de conexión...

Enviando WhatsApp (Plantilla HXfe7b0a2828a9cdc7387a2cd32fbe10bb) a: +5213310043159...
✔️ Alerta enviada exitosamente.
-> Verificando brinco de escalón de tarifa...

🔌 Conexión con Base de Datos cerrada.

--- VIGILANTE v2.3 completado. ---
==================================================
==================================================
--- Iniciando VIGILANTE v2.3 (2025-10-17 20:00:02) ---
✅ Conexión con Base de Datos exitosa.
✅ Se encontraron 2 clientes en la base de datos.

--- Verificando alertas para: Juan Gallardo (30C6F7261434) ---
-> Verificando estado de conexión...

Enviando WhatsApp (Plantilla HXfe7b0a2828a9cdc7387a2cd32fbe10bb) a: +5213310043159...
✔️ Alerta enviada exitosamente.
-> Verificando brinco de escalón de tarifa...

--- Verificando alertas para: Juan Octavio (30C6F7261434) ---
-> Verificando estado de conexión...

Enviando WhatsApp (Plantilla HXfe7b0a2828a9cdc7387a2cd32fbe10bb) a: +5213310043159...
✔️ Alerta enviada exitosamente.
-> Verificando brinco de escalón de tarifa...

🔌 Conexión con Base de Datos cerrada.

--- VIGILANTE v2.3 completado. ---
==================================================
==================================================
--- Iniciando VIGILANTE v2.3 (2025-10-17 21:00:02) ---
✅ Conexión con Base de Datos exitosa.
✅ Se encontraron 2 clientes en la base de datos.

--- Verificando alertas para: Juan Gallardo (30C6F7261434) ---
-> Verificando estado de conexión...

Enviando WhatsApp (Plantilla HXfe7b0a2828a9cdc7387a2cd32fbe10bb) a: +5213310043159...
✔️ Alerta enviada exitosamente.
-> Verificando brinco de escalón de tarifa...

--- Verificando alertas para: Juan Octavio (30C6F7261434) ---
-> Verificando estado de conexión...

Enviando WhatsApp (Plantilla HXfe7b0a2828a9cdc7387a2cd32fbe10bb) a: +5213310043159...
✔️ Alerta enviada exitosamente.
-> Verificando brinco de escalón de tarifa...

🔌 Conexión con Base de Datos cerrada.

--- VIGILANTE v2.3 completado. ---
==================================================
==================================================
--- Iniciando VIGILANTE v2.3 (2025-10-17 22:00:02) ---
✅ Conexión con Base de Datos exitosa.
✅ Se encontraron 2 clientes en la base de datos.

--- Verificando alertas para: Juan Gallardo (30C6F7261434) ---
-> Verificando estado de conexión...

Enviando WhatsApp (Plantilla HXfe7b0a2828a9cdc7387a2cd32fbe10bb) a: +5213310043159...
✔️ Alerta enviada exitosamente.
-> Verificando brinco de escalón de tarifa...

--- Verificando alertas para: Juan Octavio (30C6F7261434) ---
-> Verificando estado de conexión...

Enviando WhatsApp (Plantilla HXfe7b0a2828a9cdc7387a2cd32fbe10bb) a: +5213310043159...
✔️ Alerta enviada exitosamente.
-> Verificando brinco de escalón de tarifa...

🔌 Conexión con Base de Datos cerrada.

--- VIGILANTE v2.3 completado. ---
==================================================
==================================================
--- Iniciando VIGILANTE v2.3 (2025-10-17 23:00:03) ---
✅ Conexión con Base de Datos exitosa.
✅ Se encontraron 2 clientes en la base de datos.

--- Verificando alertas para: Juan Gallardo (30C6F7261434) ---
-> Verificando estado de conexión...

Enviando WhatsApp (Plantilla HXfe7b0a2828a9cdc7387a2cd32fbe10bb) a: +5213310043159...
✔️ Alerta enviada exitosamente.
-> Verificando brinco de escalón de tarifa...

--- Verificando alertas para: Juan Octavio (30C6F7261434) ---
-> Verificando estado de conexión...

Enviando WhatsApp (Plantilla HXfe7b0a2828a9cdc7387a2cd32fbe10bb) a: +5213310043159...
✔️ Alerta enviada exitosamente.
-> Verificando brinco de escalón de tarifa...

🔌 Conexión con Base de Datos cerrada.

--- VIGILANTE v2.3 completado. ---
==================================================
==================================================
--- Iniciando VIGILANTE v2.3 (2025-10-18 00:00:02) ---
✅ Conexión con Base de Datos exitosa.
✅ Se encontraron 2 clientes en la base de datos.

--- Verificando alertas para: Juan Gallardo (30C6F7261434) ---
-> Verificando estado de conexión...

Enviando WhatsApp (Plantilla HXfe7b0a2828a9cdc7387a2cd32fbe10bb) a: +5213310043159...
✔️ Alerta enviada exitosamente.
-> Verificando brinco de escalón de tarifa...

--- Verificando alertas para: Juan Octavio (30C6F7261434) ---
-> Verificando estado de conexión...

Enviando WhatsApp (Plantilla HXfe7b0a2828a9cdc7387a2cd32fbe10bb) a: +5213310043159...
✔️ Alerta enviada exitosamente.
-> Verificando brinco de escalón de tarifa...

🔌 Conexión con Base de Datos cerrada.

--- VIGILANTE v2.3 completado. ---
==================================================
==================================================
--- Iniciando VIGILANTE v2.3 (2025-10-18 01:00:02) ---
✅ Conexión con Base de Datos exitosa.
✅ Se encontraron 2 clientes en la base de datos.

--- Verificando alertas para: Juan Gallardo (30C6F7261434) ---
-> Verificando estado de conexión...

Enviando WhatsApp (Plantilla HXfe7b0a2828a9cdc7387a2cd32fbe10bb) a: +5213310043159...
✔️ Alerta enviada exitosamente.
-> Verificando brinco de escalón de tarifa...

--- Verificando alertas para: Juan Octavio (30C6F7261434) ---
-> Verificando estado de conexión...

Enviando WhatsApp (Plantilla HXfe7b0a2828a9cdc7387a2cd32fbe10bb) a: +5213310043159...
✔️ Alerta enviada exitosamente.
-> Verificando brinco de escalón de tarifa...

🔌 Conexión con Base de Datos cerrada.

--- VIGILANTE v2.3 completado. ---
==================================================
==================================================
--- Iniciando VIGILANTE v2.3 (2025-10-18 02:00:02) ---
✅ Conexión con Base de Datos exitosa.
✅ Se encontraron 2 clientes en la base de datos.

--- Verificando alertas para: Juan Gallardo (30C6F7261434) ---
-> Verificando estado de conexión...

Enviando WhatsApp (Plantilla HXfe7b0a2828a9cdc7387a2cd32fbe10bb) a: +5213310043159...
✔️ Alerta enviada exitosamente.
-> Verificando brinco de escalón de tarifa...

--- Verificando alertas para: Juan Octavio (30C6F7261434) ---
-> Verificando estado de conexión...

Enviando WhatsApp (Plantilla HXfe7b0a2828a9cdc7387a2cd32fbe10bb) a: +5213310043159...
✔️ Alerta enviada exitosamente.
-> Verificando brinco de escalón de tarifa...

🔌 Conexión con Base de Datos cerrada.

--- VIGILANTE v2.3 completado. ---
==================================================
==================================================
--- Iniciando VIGILANTE v2.3 (2025-10-18 03:00:02) ---
✅ Conexión con Base de Datos exitosa.
✅ Se encontraron 2 clientes en la base de datos.

--- Verificando alertas para: Juan Gallardo (30C6F7261434) ---
-> Verificando estado de conexión...

Enviando WhatsApp (Plantilla HXfe7b0a2828a9cdc7387a2cd32fbe10bb) a: +5213310043159...
✔️ Alerta enviada exitosamente.
-> Verificando brinco de escalón de tarifa...

--- Verificando alertas para: Juan Octavio (30C6F7261434) ---
-> Verificando estado de conexión...

Enviando WhatsApp (Plantilla HXfe7b0a2828a9cdc7387a2cd32fbe10bb) a: +5213310043159...
✔️ Alerta enviada exitosamente.
-> Verificando brinco de escalón de tarifa...

🔌 Conexión con Base de Datos cerrada.

--- VIGILANTE v2.3 completado. ---
==================================================
==================================================
--- Iniciando VIGILANTE v2.3 (2025-10-18 04:00:02) ---
✅ Conexión con Base de Datos exitosa.
✅ Se encontraron 2 clientes en la base de datos.

--- Verificando alertas para: Juan Gallardo (30C6F7261434) ---
-> Verificando estado de conexión...

Enviando WhatsApp (Plantilla HXfe7b0a2828a9cdc7387a2cd32fbe10bb) a: +5213310043159...
✔️ Alerta enviada exitosamente.
-> Verificando brinco de escalón de tarifa...

--- Verificando alertas para: Juan Octavio (30C6F7261434) ---
-> Verificando estado de conexión...

Enviando WhatsApp (Plantilla HXfe7b0a2828a9cdc7387a2cd32fbe10bb) a: +5213310043159...
✔️ Alerta enviada exitosamente.
-> Verificando brinco de escalón de tarifa...

🔌 Conexión con Base de Datos cerrada.

--- VIGILANTE v2.3 completado. ---
==================================================
==================================================
--- Iniciando VIGILANTE v2.3 (2025-10-18 05:00:02) ---
✅ Conexión con Base de Datos exitosa.
✅ Se encontraron 2 clientes en la base de datos.

--- Verificando alertas para: Juan Gallardo (30C6F7261434) ---
-> Verificando estado de conexión...

Enviando WhatsApp (Plantilla HXfe7b0a2828a9cdc7387a2cd32fbe10bb) a: +5213310043159...
✔️ Alerta enviada exitosamente.
-> Verificando brinco de escalón de tarifa...

--- Verificando alertas para: Juan Octavio (30C6F7261434) ---
-> Verificando estado de conexión...

Enviando WhatsApp (Plantilla HXfe7b0a2828a9cdc7387a2cd32fbe10bb) a: +5213310043159...
✔️ Alerta enviada exitosamente.
-> Verificando brinco de escalón de tarifa...

🔌 Conexión con Base de Datos cerrada.

--- VIGILANTE v2.3 completado. ---
==================================================
==================================================
--- Iniciando VIGILANTE v2.3 (2025-10-18 06:00:02) ---
✅ Conexión con Base de Datos exitosa.
✅ Se encontraron 2 clientes en la base de datos.

--- Verificando alertas para: Juan Gallardo (30C6F7261434) ---
-> Verificando estado de conexión...

Enviando WhatsApp (Plantilla HXfe7b0a2828a9cdc7387a2cd32fbe10bb) a: +5213310043159...
✔️ Alerta enviada exitosamente.
-> Verificando brinco de escalón de tarifa...

--- Verificando alertas para: Juan Octavio (30C6F7261434) ---
-> Verificando estado de conexión...

Enviando WhatsApp (Plantilla HXfe7b0a2828a9cdc7387a2cd32fbe10bb) a: +5213310043159...
✔️ Alerta enviada exitosamente.
-> Verificando brinco de escalón de tarifa...

🔌 Conexión con Base de Datos cerrada.

--- VIGILANTE v2.3 completado. ---
==================================================
==================================================
--- Iniciando VIGILANTE v2.3 (2025-10-18 07:00:06) ---
✅ Conexión con Base de Datos exitosa.
✅ Se encontraron 2 clientes en la base de datos.

--- Verificando alertas para: Juan Gallardo (30C6F7261434) ---
-> Verificando estado de conexión...

Enviando WhatsApp (Plantilla HXfe7b0a2828a9cdc7387a2cd32fbe10bb) a: +5213310043159...
✔️ Alerta enviada exitosamente.
-> Verificando brinco de escalón de tarifa...

--- Verificando alertas para: Juan Octavio (30C6F7261434) ---
-> Verificando estado de conexión...

Enviando WhatsApp (Plantilla HXfe7b0a2828a9cdc7387a2cd32fbe10bb) a: +5213310043159...
⚠️  Error al enviar alerta. Código: 429, Respuesta: {"code":63038,"message":"Account AC3fb0bec1c75c0a1815aec82212e429b4 exceeded the 9 daily messages limit","more_info":"https://www.twilio.com/docs/errors/63038","status":429}

Enviando WhatsApp (Plantilla HXfe7b0a2828a9cdc7387a2cd32fbe10bb) a: +5213310043159...
✔️ Alerta enviada exitosamente.
-> Verificando brinco de escalón de tarifa...

🔌 Conexión con Base de Datos cerrada.

--- VIGILANTE v2.3 completado. ---
==================================================
==================================================
--- Iniciando VIGILANTE v2.3 (2025-10-18 08:00:05) ---
✅ Conexión con Base de Datos exitosa.
✅ Se encontraron 3 clientes en la base de datos.

--- Verificando alertas para: Juan Gallardo (30C6F7261434) ---
-> Verificando estado de conexión...

Enviando WhatsApp (Plantilla HXfe7b0a2828a9cdc7387a2cd32fbe10bb) a: +5213310043159...
✔️ Alerta enviada exitosamente.
-> Verificando brinco de escalón de tarifa...

--- Verificando alertas para: Juan Octavio (30C6F7261434) ---
-> Verificando estado de conexión...

Enviando WhatsApp (Plantilla HXfe7b0a2828a9cdc7387a2cd32fbe10bb) a: +5213310043159...
✔️ Alerta enviada exitosamente.
-> Verificando brinco de escalón de tarifa...

--- Verificando alertas para: Fulanito de Tal (None) ---
-> Verificando estado de conexión...

Enviando WhatsApp (Plantilla HXfe7b0a2828a9cdc7387a2cd32fbe10bb) a: +5213310043159...
✔️ Alerta enviada exitosamente.
-> Verificando brinco de escalón de tarifa...

🔌 Conexión con Base de Datos cerrada.

--- VIGILANTE v2.3 completado. ---
==================================================
==================================================
--- Iniciando VIGILANTE v2.3 (2025-10-18 09:00:05) ---
✅ Conexión con Base de Datos exitosa.
✅ Se encontraron 4 clientes en la base de datos.

--- Verificando alertas para: Juan Gallardo (30C6F7261434) ---
-> Verificando estado de conexión...

Enviando WhatsApp (Plantilla HXfe7b0a2828a9cdc7387a2cd32fbe10bb) a: +5213310043159...
✔️ Alerta enviada exitosamente.
-> Verificando brinco de escalón de tarifa...

--- Verificando alertas para: Juan Octavio (30C6F7261434) ---
-> Verificando estado de conexión...

Enviando WhatsApp (Plantilla HXfe7b0a2828a9cdc7387a2cd32fbe10bb) a: +5213310043159...
⚠️  Error al enviar alerta. Código: 429, Respuesta: {"code":63038,"message":"Account AC3fb0bec1c75c0a1815aec82212e429b4 exceeded the 9 daily messages limit","more_info":"https://www.twilio.com/docs/errors/63038","status":429}

Enviando WhatsApp (Plantilla HXfe7b0a2828a9cdc7387a2cd32fbe10bb) a: +5213310043159...
✔️ Alerta enviada exitosamente.
-> Verificando brinco de escalón de tarifa...

--- Verificando alertas para: Fulanito de Tal (None) ---
-> Verificando estado de conexión...

Enviando WhatsApp (Plantilla HXfe7b0a2828a9cdc7387a2cd32fbe10bb) a: +5213310043159...
✔️ Alerta enviada exitosamente.
-> Verificando brinco de escalón de tarifa...

--- Verificando alertas para: Miriam Montero (None) ---
-> Verificando estado de conexión...

Enviando WhatsApp (Plantilla HXfe7b0a2828a9cdc7387a2cd32fbe10bb) a: +5213310043159...
⚠️  Error al enviar alerta. Código: 429, Respuesta: {"code":63038,"message":"Account AC3fb0bec1c75c0a1815aec82212e429b4 exceeded the 9 daily messages limit","more_info":"https://www.twilio.com/docs/errors/63038","status":429}

Enviando WhatsApp (Plantilla HXfe7b0a2828a9cdc7387a2cd32fbe10bb) a: +5213310043159...
⚠️  Error al enviar alerta. Código: 429, Respuesta: {"code":63038,"message":"Account AC3fb0bec1c75c0a1815aec82212e429b4 exceeded the 9 daily messages limit","more_info":"https://www.twilio.com/docs/errors/63038","status":429}

Enviando WhatsApp (Plantilla HXfe7b0a2828a9cdc7387a2cd32fbe10bb) a: +5213310043159...
✔️ Alerta enviada exitosamente.
-> Verificando brinco de escalón de tarifa...

🔌 Conexión con Base de Datos cerrada.

--- VIGILANTE v2.3 completado. ---
==================================================
==================================================
--- Iniciando VIGILANTE v2.3 (2025-10-18 10:00:01) ---
✅ Conexión con Base de Datos exitosa.
✅ Se encontraron 5 clientes en la base de datos.

--- Verificando alertas para: Juan Gallardo (30C6F7261434) ---
-> Verificando estado de conexión...

Enviando WhatsApp (Plantilla HXfe7b0a2828a9cdc7387a2cd32fbe10bb) a: +5213310043159...
⚠️  Error al enviar alerta. Código: 429, Respuesta: {"code":63038,"message":"Account AC3fb0bec1c75c0a1815aec82212e429b4 exceeded the 9 daily messages limit","more_info":"https://www.twilio.com/docs/errors/63038","status":429}

Enviando WhatsApp (Plantilla HXfe7b0a2828a9cdc7387a2cd32fbe10bb) a: +5213310043159...
✔️ Alerta enviada exitosamente.
-> Verificando brinco de escalón de tarifa...

--- Verificando alertas para: Juan Octavio (30C6F7261434) ---
-> Verificando estado de conexión...

Enviando WhatsApp (Plantilla HXfe7b0a2828a9cdc7387a2cd32fbe10bb) a: +5213310043159...
✔️ Alerta enviada exitosamente.
-> Verificando brinco de escalón de tarifa...

--- Verificando alertas para: Fulanito de Tal (None) ---
-> Verificando estado de conexión...

Enviando WhatsApp (Plantilla HXfe7b0a2828a9cdc7387a2cd32fbe10bb) a: +5213310043159...
⚠️  Error al enviar alerta. Código: 429, Respuesta: {"code":63038,"message":"Account AC3fb0bec1c75c0a1815aec82212e429b4 exceeded the 9 daily messages limit","more_info":"https://www.twilio.com/docs/errors/63038","status":429}

Enviando WhatsApp (Plantilla HXfe7b0a2828a9cdc7387a2cd32fbe10bb) a: +5213310043159...
✔️ Alerta enviada exitosamente.
-> Verificando brinco de escalón de tarifa...

--- Verificando alertas para: Miriam Montero (None) ---
-> Verificando estado de conexión...

Enviando WhatsApp (Plantilla HXfe7b0a2828a9cdc7387a2cd32fbe10bb) a: +5213310043159...
✔️ Alerta enviada exitosamente.
-> Verificando brinco de escalón de tarifa...

--- Verificando alertas para: Miriam Montero  (None) ---
-> Verificando estado de conexión...

Enviando WhatsApp (Plantilla HXfe7b0a2828a9cdc7387a2cd32fbe10bb) a: +5213310043159...
⚠️  Error al enviar alerta. Código: 429, Respuesta: {"code":63038,"message":"Account AC3fb0bec1c75c0a1815aec82212e429b4 exceeded the 9 daily messages limit","more_info":"https://www.twilio.com/docs/errors/63038","status":429}

Enviando WhatsApp (Plantilla HXfe7b0a2828a9cdc7387a2cd32fbe10bb) a: +5213310043159...
⚠️  Error al enviar alerta. Código: 429, Respuesta: {"code":63038,"message":"Account AC3fb0bec1c75c0a1815aec82212e429b4 exceeded the 9 daily messages limit","more_info":"https://www.twilio.com/docs/errors/63038","status":429}

Enviando WhatsApp (Plantilla HXfe7b0a2828a9cdc7387a2cd32fbe10bb) a: +5213310043159...
⚠️  Error al enviar alerta. Código: 429, Respuesta: {"code":63038,"message":"Account AC3fb0bec1c75c0a1815aec82212e429b4 exceeded the 9 daily messages limit","more_info":"https://www.twilio.com/docs/errors/63038","status":429}
Traceback (most recent call last):
  File "/home/galj_octavio/env/lib/python3.12/site-packages/tenacity/__init__.py", line 480, in __call__
    result = fn(*args, **kwargs)
             ^^^^^^^^^^^^^^^^^^^
  File "/home/galj_octavio/vigilante_calidad.py", line 110, in enviar_alerta_whatsapp
    response.raise_for_status()
  File "/home/galj_octavio/env/lib/python3.12/site-packages/requests/models.py", line 1026, in raise_for_status
    raise HTTPError(http_error_msg, response=self)
requests.exceptions.HTTPError: 429 Client Error: Too Many Requests for url: https://api.twilio.com/2010-04-01/Accounts/AC3fb0bec1c75c0a1815aec82212e429b4/Messages.json

The above exception was the direct cause of the following exception:

Traceback (most recent call last):
  File "/home/galj_octavio/vigilante_calidad.py", line 374, in <module>
    main()
  File "/home/galj_octavio/vigilante_calidad.py", line 360, in main
    verificar_dispositivo_offline(df_ultima_hora, cliente)
  File "/home/galj_octavio/vigilante_calidad.py", line 217, in verificar_dispositivo_offline
    enviar_alerta_whatsapp(ADMIN_WHATSAPP_NUMBER, TPL_DISPOSITIVO_OFFLINE, {"1": cliente['nombre']})
  File "/home/galj_octavio/env/lib/python3.12/site-packages/tenacity/__init__.py", line 338, in wrapped_f
    return copy(f, *args, **kw)
           ^^^^^^^^^^^^^^^^^^^^
  File "/home/galj_octavio/env/lib/python3.12/site-packages/tenacity/__init__.py", line 477, in __call__
    do = self.iter(retry_state=retry_state)
         ^^^^^^^^^^^^^^^^^^^^^^^^^^^^^^^^^^
  File "/home/galj_octavio/env/lib/python3.12/site-packages/tenacity/__init__.py", line 378, in iter
    result = action(retry_state)
             ^^^^^^^^^^^^^^^^^^^
  File "/home/galj_octavio/env/lib/python3.12/site-packages/tenacity/__init__.py", line 421, in exc_check
    raise retry_exc from fut.exception()
tenacity.RetryError: RetryError[<Future at 0x784fcf38a4b0 state=finished raised HTTPError>]
==================================================
--- Iniciando VIGILANTE v2.3 (2025-10-18 11:00:02) ---
✅ Conexión con Base de Datos exitosa.
✅ Se encontraron 2 clientes en la base de datos.

--- Verificando alertas para: Juan Gallardo (30C6F7261434) ---
-> Verificando estado de conexión...

Enviando WhatsApp (Plantilla HXfe7b0a2828a9cdc7387a2cd32fbe10bb) a: +5213310043159...
⚠️  Error al enviar alerta. Código: 429, Respuesta: {"code":63038,"message":"Account AC3fb0bec1c75c0a1815aec82212e429b4 exceeded the 9 daily messages limit","more_info":"https://www.twilio.com/docs/errors/63038","status":429}

Enviando WhatsApp (Plantilla HXfe7b0a2828a9cdc7387a2cd32fbe10bb) a: +5213310043159...
⚠️  Error al enviar alerta. Código: 429, Respuesta: {"code":63038,"message":"Account AC3fb0bec1c75c0a1815aec82212e429b4 exceeded the 9 daily messages limit","more_info":"https://www.twilio.com/docs/errors/63038","status":429}

Enviando WhatsApp (Plantilla HXfe7b0a2828a9cdc7387a2cd32fbe10bb) a: +5213310043159...
⚠️  Error al enviar alerta. Código: 429, Respuesta: {"code":63038,"message":"Account AC3fb0bec1c75c0a1815aec82212e429b4 exceeded the 9 daily messages limit","more_info":"https://www.twilio.com/docs/errors/63038","status":429}
Traceback (most recent call last):
  File "/home/galj_octavio/env/lib/python3.12/site-packages/tenacity/__init__.py", line 480, in __call__
    result = fn(*args, **kwargs)
             ^^^^^^^^^^^^^^^^^^^
  File "/home/galj_octavio/vigilante_calidad.py", line 110, in enviar_alerta_whatsapp
    response.raise_for_status()
  File "/home/galj_octavio/env/lib/python3.12/site-packages/requests/models.py", line 1026, in raise_for_status
    raise HTTPError(http_error_msg, response=self)
requests.exceptions.HTTPError: 429 Client Error: Too Many Requests for url: https://api.twilio.com/2010-04-01/Accounts/AC3fb0bec1c75c0a1815aec82212e429b4/Messages.json

The above exception was the direct cause of the following exception:

Traceback (most recent call last):
  File "/home/galj_octavio/vigilante_calidad.py", line 374, in <module>
    main()
  File "/home/galj_octavio/vigilante_calidad.py", line 360, in main
    verificar_dispositivo_offline(df_ultima_hora, cliente)
  File "/home/galj_octavio/vigilante_calidad.py", line 217, in verificar_dispositivo_offline
    enviar_alerta_whatsapp(ADMIN_WHATSAPP_NUMBER, TPL_DISPOSITIVO_OFFLINE, {"1": cliente['nombre']})
  File "/home/galj_octavio/env/lib/python3.12/site-packages/tenacity/__init__.py", line 338, in wrapped_f
    return copy(f, *args, **kw)
           ^^^^^^^^^^^^^^^^^^^^
  File "/home/galj_octavio/env/lib/python3.12/site-packages/tenacity/__init__.py", line 477, in __call__
    do = self.iter(retry_state=retry_state)
         ^^^^^^^^^^^^^^^^^^^^^^^^^^^^^^^^^^
  File "/home/galj_octavio/env/lib/python3.12/site-packages/tenacity/__init__.py", line 378, in iter
    result = action(retry_state)
             ^^^^^^^^^^^^^^^^^^^
  File "/home/galj_octavio/env/lib/python3.12/site-packages/tenacity/__init__.py", line 421, in exc_check
    raise retry_exc from fut.exception()
tenacity.RetryError: RetryError[<Future at 0x755ac9169d30 state=finished raised HTTPError>]
==================================================
--- Iniciando VIGILANTE v2.3 (2025-10-18 12:00:02) ---
✅ Conexión con Base de Datos exitosa.
✅ Se encontraron 2 clientes en la base de datos.

--- Verificando alertas para: Juan Gallardo (30C6F7261434) ---
-> Verificando estado de conexión...

Enviando WhatsApp (Plantilla HXfe7b0a2828a9cdc7387a2cd32fbe10bb) a: +5213310043159...
⚠️  Error al enviar alerta. Código: 429, Respuesta: {"code":63038,"message":"Account AC3fb0bec1c75c0a1815aec82212e429b4 exceeded the 9 daily messages limit","more_info":"https://www.twilio.com/docs/errors/63038","status":429}

Enviando WhatsApp (Plantilla HXfe7b0a2828a9cdc7387a2cd32fbe10bb) a: +5213310043159...
⚠️  Error al enviar alerta. Código: 429, Respuesta: {"code":63038,"message":"Account AC3fb0bec1c75c0a1815aec82212e429b4 exceeded the 9 daily messages limit","more_info":"https://www.twilio.com/docs/errors/63038","status":429}

Enviando WhatsApp (Plantilla HXfe7b0a2828a9cdc7387a2cd32fbe10bb) a: +5213310043159...
✔️ Alerta enviada exitosamente.
-> Verificando brinco de escalón de tarifa...

--- Verificando alertas para: Miriam Montero  (None) ---
-> Verificando estado de conexión...

Enviando WhatsApp (Plantilla HXfe7b0a2828a9cdc7387a2cd32fbe10bb) a: +5213310043159...
⚠️  Error al enviar alerta. Código: 429, Respuesta: {"code":63038,"message":"Account AC3fb0bec1c75c0a1815aec82212e429b4 exceeded the 9 daily messages limit","more_info":"https://www.twilio.com/docs/errors/63038","status":429}

Enviando WhatsApp (Plantilla HXfe7b0a2828a9cdc7387a2cd32fbe10bb) a: +5213310043159...
✔️ Alerta enviada exitosamente.
-> Verificando brinco de escalón de tarifa...

🔌 Conexión con Base de Datos cerrada.

--- VIGILANTE v2.3 completado. ---
==================================================
==================================================
--- Iniciando VIGILANTE v2.3 (2025-10-18 13:00:02) ---
✅ Conexión con Base de Datos exitosa.
✅ Se encontraron 2 clientes en la base de datos.

--- Verificando alertas para: Juan Gallardo (30C6F7261434) ---
-> Verificando estado de conexión...

Enviando WhatsApp (Plantilla HXfe7b0a2828a9cdc7387a2cd32fbe10bb) a: +5213310043159...
✔️ Alerta enviada exitosamente.
-> Verificando brinco de escalón de tarifa...

--- Verificando alertas para: Miriam Montero  (None) ---
-> Verificando estado de conexión...

Enviando WhatsApp (Plantilla HXfe7b0a2828a9cdc7387a2cd32fbe10bb) a: +5213310043159...
⚠️  Error al enviar alerta. Código: 429, Respuesta: {"code":63038,"message":"Account AC3fb0bec1c75c0a1815aec82212e429b4 exceeded the 9 daily messages limit","more_info":"https://www.twilio.com/docs/errors/63038","status":429}

Enviando WhatsApp (Plantilla HXfe7b0a2828a9cdc7387a2cd32fbe10bb) a: +5213310043159...
⚠️  Error al enviar alerta. Código: 429, Respuesta: {"code":63038,"message":"Account AC3fb0bec1c75c0a1815aec82212e429b4 exceeded the 9 daily messages limit","more_info":"https://www.twilio.com/docs/errors/63038","status":429}

Enviando WhatsApp (Plantilla HXfe7b0a2828a9cdc7387a2cd32fbe10bb) a: +5213310043159...
⚠️  Error al enviar alerta. Código: 429, Respuesta: {"code":63038,"message":"Account AC3fb0bec1c75c0a1815aec82212e429b4 exceeded the 9 daily messages limit","more_info":"https://www.twilio.com/docs/errors/63038","status":429}
Traceback (most recent call last):
  File "/home/galj_octavio/env/lib/python3.12/site-packages/tenacity/__init__.py", line 480, in __call__
    result = fn(*args, **kwargs)
             ^^^^^^^^^^^^^^^^^^^
  File "/home/galj_octavio/vigilante_calidad.py", line 110, in enviar_alerta_whatsapp
    response.raise_for_status()
  File "/home/galj_octavio/env/lib/python3.12/site-packages/requests/models.py", line 1026, in raise_for_status
    raise HTTPError(http_error_msg, response=self)
requests.exceptions.HTTPError: 429 Client Error: Too Many Requests for url: https://api.twilio.com/2010-04-01/Accounts/AC3fb0bec1c75c0a1815aec82212e429b4/Messages.json

The above exception was the direct cause of the following exception:

Traceback (most recent call last):
  File "/home/galj_octavio/vigilante_calidad.py", line 374, in <module>
    main()
  File "/home/galj_octavio/vigilante_calidad.py", line 360, in main
    verificar_dispositivo_offline(df_ultima_hora, cliente)
  File "/home/galj_octavio/vigilante_calidad.py", line 217, in verificar_dispositivo_offline
    enviar_alerta_whatsapp(ADMIN_WHATSAPP_NUMBER, TPL_DISPOSITIVO_OFFLINE, {"1": cliente['nombre']})
  File "/home/galj_octavio/env/lib/python3.12/site-packages/tenacity/__init__.py", line 338, in wrapped_f
    return copy(f, *args, **kw)
           ^^^^^^^^^^^^^^^^^^^^
  File "/home/galj_octavio/env/lib/python3.12/site-packages/tenacity/__init__.py", line 477, in __call__
    do = self.iter(retry_state=retry_state)
         ^^^^^^^^^^^^^^^^^^^^^^^^^^^^^^^^^^
  File "/home/galj_octavio/env/lib/python3.12/site-packages/tenacity/__init__.py", line 378, in iter
    result = action(retry_state)
             ^^^^^^^^^^^^^^^^^^^
  File "/home/galj_octavio/env/lib/python3.12/site-packages/tenacity/__init__.py", line 421, in exc_check
    raise retry_exc from fut.exception()
tenacity.RetryError: RetryError[<Future at 0x78b3733e9df0 state=finished raised HTTPError>]
==================================================
--- Iniciando VIGILANTE v2.3 (2025-10-18 14:00:01) ---
✅ Conexión con Base de Datos exitosa.
✅ Se encontraron 2 clientes en la base de datos.

--- Verificando alertas para: Juan Gallardo (30C6F7261434) ---
-> Verificando estado de conexión...

Enviando WhatsApp (Plantilla HXfe7b0a2828a9cdc7387a2cd32fbe10bb) a: +5213310043159...
⚠️  Error al enviar alerta. Código: 429, Respuesta: {"code":63038,"message":"Account AC3fb0bec1c75c0a1815aec82212e429b4 exceeded the 9 daily messages limit","more_info":"https://www.twilio.com/docs/errors/63038","status":429}

Enviando WhatsApp (Plantilla HXfe7b0a2828a9cdc7387a2cd32fbe10bb) a: +5213310043159...
⚠️  Error al enviar alerta. Código: 429, Respuesta: {"code":63038,"message":"Account AC3fb0bec1c75c0a1815aec82212e429b4 exceeded the 9 daily messages limit","more_info":"https://www.twilio.com/docs/errors/63038","status":429}

Enviando WhatsApp (Plantilla HXfe7b0a2828a9cdc7387a2cd32fbe10bb) a: +5213310043159...
✔️ Alerta enviada exitosamente.
-> Verificando brinco de escalón de tarifa...

--- Verificando alertas para: Miriam Montero  (None) ---
-> Verificando estado de conexión...

Enviando WhatsApp (Plantilla HXfe7b0a2828a9cdc7387a2cd32fbe10bb) a: +5213310043159...
⚠️  Error al enviar alerta. Código: 429, Respuesta: {"code":63038,"message":"Account AC3fb0bec1c75c0a1815aec82212e429b4 exceeded the 9 daily messages limit","more_info":"https://www.twilio.com/docs/errors/63038","status":429}

Enviando WhatsApp (Plantilla HXfe7b0a2828a9cdc7387a2cd32fbe10bb) a: +5213310043159...
⚠️  Error al enviar alerta. Código: 429, Respuesta: {"code":63038,"message":"Account AC3fb0bec1c75c0a1815aec82212e429b4 exceeded the 9 daily messages limit","more_info":"https://www.twilio.com/docs/errors/63038","status":429}

Enviando WhatsApp (Plantilla HXfe7b0a2828a9cdc7387a2cd32fbe10bb) a: +5213310043159...
✔️ Alerta enviada exitosamente.
-> Verificando brinco de escalón de tarifa...

🔌 Conexión con Base de Datos cerrada.

--- VIGILANTE v2.3 completado. ---
==================================================
==================================================
--- Iniciando VIGILANTE v2.3 (2025-10-18 15:00:02) ---
✅ Conexión con Base de Datos exitosa.
✅ Se encontraron 2 clientes en la base de datos.

--- Verificando alertas para: Juan Gallardo (30C6F7261434) ---
-> Verificando estado de conexión...

Enviando WhatsApp (Plantilla HXfe7b0a2828a9cdc7387a2cd32fbe10bb) a: +5213310043159...
✔️ Alerta enviada exitosamente.
-> Verificando brinco de escalón de tarifa...

--- Verificando alertas para: Miriam Montero  (None) ---
-> Verificando estado de conexión...

Enviando WhatsApp (Plantilla HXfe7b0a2828a9cdc7387a2cd32fbe10bb) a: +5213310043159...
⚠️  Error al enviar alerta. Código: 429, Respuesta: {"code":63038,"message":"Account AC3fb0bec1c75c0a1815aec82212e429b4 exceeded the 9 daily messages limit","more_info":"https://www.twilio.com/docs/errors/63038","status":429}

Enviando WhatsApp (Plantilla HXfe7b0a2828a9cdc7387a2cd32fbe10bb) a: +5213310043159...
⚠️  Error al enviar alerta. Código: 429, Respuesta: {"code":63038,"message":"Account AC3fb0bec1c75c0a1815aec82212e429b4 exceeded the 9 daily messages limit","more_info":"https://www.twilio.com/docs/errors/63038","status":429}

Enviando WhatsApp (Plantilla HXfe7b0a2828a9cdc7387a2cd32fbe10bb) a: +5213310043159...
⚠️  Error al enviar alerta. Código: 429, Respuesta: {"code":63038,"message":"Account AC3fb0bec1c75c0a1815aec82212e429b4 exceeded the 9 daily messages limit","more_info":"https://www.twilio.com/docs/errors/63038","status":429}
Traceback (most recent call last):
  File "/home/galj_octavio/env/lib/python3.12/site-packages/tenacity/__init__.py", line 480, in __call__
    result = fn(*args, **kwargs)
             ^^^^^^^^^^^^^^^^^^^
  File "/home/galj_octavio/vigilante_calidad.py", line 110, in enviar_alerta_whatsapp
    response.raise_for_status()
  File "/home/galj_octavio/env/lib/python3.12/site-packages/requests/models.py", line 1026, in raise_for_status
    raise HTTPError(http_error_msg, response=self)
requests.exceptions.HTTPError: 429 Client Error: Too Many Requests for url: https://api.twilio.com/2010-04-01/Accounts/AC3fb0bec1c75c0a1815aec82212e429b4/Messages.json

The above exception was the direct cause of the following exception:

Traceback (most recent call last):
  File "/home/galj_octavio/vigilante_calidad.py", line 374, in <module>
    main()
  File "/home/galj_octavio/vigilante_calidad.py", line 360, in main
    verificar_dispositivo_offline(df_ultima_hora, cliente)
  File "/home/galj_octavio/vigilante_calidad.py", line 217, in verificar_dispositivo_offline
    enviar_alerta_whatsapp(ADMIN_WHATSAPP_NUMBER, TPL_DISPOSITIVO_OFFLINE, {"1": cliente['nombre']})
  File "/home/galj_octavio/env/lib/python3.12/site-packages/tenacity/__init__.py", line 338, in wrapped_f
    return copy(f, *args, **kw)
           ^^^^^^^^^^^^^^^^^^^^
  File "/home/galj_octavio/env/lib/python3.12/site-packages/tenacity/__init__.py", line 477, in __call__
    do = self.iter(retry_state=retry_state)
         ^^^^^^^^^^^^^^^^^^^^^^^^^^^^^^^^^^
  File "/home/galj_octavio/env/lib/python3.12/site-packages/tenacity/__init__.py", line 378, in iter
    result = action(retry_state)
             ^^^^^^^^^^^^^^^^^^^
  File "/home/galj_octavio/env/lib/python3.12/site-packages/tenacity/__init__.py", line 421, in exc_check
    raise retry_exc from fut.exception()
tenacity.RetryError: RetryError[<Future at 0x79ee2e2c6f00 state=finished raised HTTPError>]
==================================================
--- Iniciando VIGILANTE v2.3 (2025-10-18 16:00:02) ---
✅ Conexión con Base de Datos exitosa.
✅ Se encontraron 2 clientes en la base de datos.

--- Verificando alertas para: Juan Gallardo (30C6F7261434) ---
-> Verificando estado de conexión...

Enviando WhatsApp (Plantilla HXfe7b0a2828a9cdc7387a2cd32fbe10bb) a: +5213310043159...
⚠️  Error al enviar alerta. Código: 429, Respuesta: {"code":63038,"message":"Account AC3fb0bec1c75c0a1815aec82212e429b4 exceeded the 9 daily messages limit","more_info":"https://www.twilio.com/docs/errors/63038","status":429}

Enviando WhatsApp (Plantilla HXfe7b0a2828a9cdc7387a2cd32fbe10bb) a: +5213310043159...
⚠️  Error al enviar alerta. Código: 429, Respuesta: {"code":63038,"message":"Account AC3fb0bec1c75c0a1815aec82212e429b4 exceeded the 9 daily messages limit","more_info":"https://www.twilio.com/docs/errors/63038","status":429}

Enviando WhatsApp (Plantilla HXfe7b0a2828a9cdc7387a2cd32fbe10bb) a: +5213310043159...
⚠️  Error al enviar alerta. Código: 429, Respuesta: {"code":63038,"message":"Account AC3fb0bec1c75c0a1815aec82212e429b4 exceeded the 9 daily messages limit","more_info":"https://www.twilio.com/docs/errors/63038","status":429}
Traceback (most recent call last):
  File "/home/galj_octavio/env/lib/python3.12/site-packages/tenacity/__init__.py", line 480, in __call__
    result = fn(*args, **kwargs)
             ^^^^^^^^^^^^^^^^^^^
  File "/home/galj_octavio/vigilante_calidad.py", line 110, in enviar_alerta_whatsapp
    response.raise_for_status()
  File "/home/galj_octavio/env/lib/python3.12/site-packages/requests/models.py", line 1026, in raise_for_status
    raise HTTPError(http_error_msg, response=self)
requests.exceptions.HTTPError: 429 Client Error: Too Many Requests for url: https://api.twilio.com/2010-04-01/Accounts/AC3fb0bec1c75c0a1815aec82212e429b4/Messages.json

The above exception was the direct cause of the following exception:

Traceback (most recent call last):
  File "/home/galj_octavio/vigilante_calidad.py", line 374, in <module>
    main()
  File "/home/galj_octavio/vigilante_calidad.py", line 360, in main
    verificar_dispositivo_offline(df_ultima_hora, cliente)
  File "/home/galj_octavio/vigilante_calidad.py", line 217, in verificar_dispositivo_offline
    enviar_alerta_whatsapp(ADMIN_WHATSAPP_NUMBER, TPL_DISPOSITIVO_OFFLINE, {"1": cliente['nombre']})
  File "/home/galj_octavio/env/lib/python3.12/site-packages/tenacity/__init__.py", line 338, in wrapped_f
    return copy(f, *args, **kw)
           ^^^^^^^^^^^^^^^^^^^^
  File "/home/galj_octavio/env/lib/python3.12/site-packages/tenacity/__init__.py", line 477, in __call__
    do = self.iter(retry_state=retry_state)
         ^^^^^^^^^^^^^^^^^^^^^^^^^^^^^^^^^^
  File "/home/galj_octavio/env/lib/python3.12/site-packages/tenacity/__init__.py", line 378, in iter
    result = action(retry_state)
             ^^^^^^^^^^^^^^^^^^^
  File "/home/galj_octavio/env/lib/python3.12/site-packages/tenacity/__init__.py", line 421, in exc_check
    raise retry_exc from fut.exception()
tenacity.RetryError: RetryError[<Future at 0x779d880c6210 state=finished raised HTTPError>]
==================================================
--- Iniciando VIGILANTE v2.3 (2025-10-18 17:00:02) ---
✅ Conexión con Base de Datos exitosa.
✅ Se encontraron 2 clientes en la base de datos.

--- Verificando alertas para: Juan Gallardo (30C6F7261434) ---
-> Verificando estado de conexión...

Enviando WhatsApp (Plantilla HXfe7b0a2828a9cdc7387a2cd32fbe10bb) a: +5213310043159...
✔️ Alerta enviada exitosamente.
-> Verificando brinco de escalón de tarifa...

--- Verificando alertas para: Miriam Montero  (None) ---
-> Verificando estado de conexión...

Enviando WhatsApp (Plantilla HXfe7b0a2828a9cdc7387a2cd32fbe10bb) a: +5213310043159...
⚠️  Error al enviar alerta. Código: 429, Respuesta: {"code":63038,"message":"Account AC3fb0bec1c75c0a1815aec82212e429b4 exceeded the 9 daily messages limit","more_info":"https://www.twilio.com/docs/errors/63038","status":429}

Enviando WhatsApp (Plantilla HXfe7b0a2828a9cdc7387a2cd32fbe10bb) a: +5213310043159...
✔️ Alerta enviada exitosamente.
-> Verificando brinco de escalón de tarifa...

🔌 Conexión con Base de Datos cerrada.

--- VIGILANTE v2.3 completado. ---
==================================================
==================================================
--- Iniciando VIGILANTE v2.3 (2025-10-18 18:00:05) ---
✅ Conexión con Base de Datos exitosa.
✅ Se encontraron 2 clientes en la base de datos.

--- Verificando alertas para: Juan Gallardo (30C6F7261434) ---
-> Verificando estado de conexión...

Enviando WhatsApp (Plantilla HXfe7b0a2828a9cdc7387a2cd32fbe10bb) a: +5213310043159...
✔️ Alerta enviada exitosamente.
-> Verificando brinco de escalón de tarifa...

--- Verificando alertas para: Miriam Montero  (None) ---
-> Verificando estado de conexión...

Enviando WhatsApp (Plantilla HXfe7b0a2828a9cdc7387a2cd32fbe10bb) a: +5213310043159...
⚠️  Error al enviar alerta. Código: 429, Respuesta: {"code":63038,"message":"Account AC3fb0bec1c75c0a1815aec82212e429b4 exceeded the 9 daily messages limit","more_info":"https://www.twilio.com/docs/errors/63038","status":429}

Enviando WhatsApp (Plantilla HXfe7b0a2828a9cdc7387a2cd32fbe10bb) a: +5213310043159...
✔️ Alerta enviada exitosamente.
-> Verificando brinco de escalón de tarifa...

🔌 Conexión con Base de Datos cerrada.

--- VIGILANTE v2.3 completado. ---
==================================================
==================================================
--- Iniciando VIGILANTE v2.3 (2025-10-18 19:00:02) ---
✅ Conexión con Base de Datos exitosa.
✅ Se encontraron 2 clientes en la base de datos.

--- Verificando alertas para: Juan Gallardo (30C6F7261434) ---
-> Verificando estado de conexión...

Enviando WhatsApp (Plantilla HXfe7b0a2828a9cdc7387a2cd32fbe10bb) a: +5213310043159...
✔️ Alerta enviada exitosamente.
-> Verificando brinco de escalón de tarifa...

--- Verificando alertas para: Miriam Montero  (None) ---
-> Verificando estado de conexión...

Enviando WhatsApp (Plantilla HXfe7b0a2828a9cdc7387a2cd32fbe10bb) a: +5213310043159...
⚠️  Error al enviar alerta. Código: 429, Respuesta: {"code":63038,"message":"Account AC3fb0bec1c75c0a1815aec82212e429b4 exceeded the 9 daily messages limit","more_info":"https://www.twilio.com/docs/errors/63038","status":429}

Enviando WhatsApp (Plantilla HXfe7b0a2828a9cdc7387a2cd32fbe10bb) a: +5213310043159...
✔️ Alerta enviada exitosamente.
-> Verificando brinco de escalón de tarifa...

🔌 Conexión con Base de Datos cerrada.

--- VIGILANTE v2.3 completado. ---
==================================================
==================================================
--- Iniciando VIGILANTE v2.3 (2025-10-18 20:00:04) ---
✅ Conexión con Base de Datos exitosa.
✅ Se encontraron 2 clientes en la base de datos.

--- Verificando alertas para: Juan Gallardo (30C6F7261434) ---
-> Verificando estado de conexión...

Enviando WhatsApp (Plantilla HXfe7b0a2828a9cdc7387a2cd32fbe10bb) a: +5213310043159...
✔️ Alerta enviada exitosamente.
-> Verificando brinco de escalón de tarifa...

--- Verificando alertas para: Miriam Montero  (None) ---
-> Verificando estado de conexión...

Enviando WhatsApp (Plantilla HXfe7b0a2828a9cdc7387a2cd32fbe10bb) a: +5213310043159...
✔️ Alerta enviada exitosamente.
-> Verificando brinco de escalón de tarifa...

🔌 Conexión con Base de Datos cerrada.

--- VIGILANTE v2.3 completado. ---
==================================================
==================================================
--- Iniciando VIGILANTE v2.3 (2025-10-18 21:00:03) ---
✅ Conexión con Base de Datos exitosa.
✅ Se encontraron 2 clientes en la base de datos.

--- Verificando alertas para: Juan Gallardo (30C6F7261434) ---
-> Verificando estado de conexión...

Enviando WhatsApp (Plantilla HXfe7b0a2828a9cdc7387a2cd32fbe10bb) a: +5213310043159...
⚠️  Error al enviar alerta. Código: 429, Respuesta: {"code":63038,"message":"Account AC3fb0bec1c75c0a1815aec82212e429b4 exceeded the 9 daily messages limit","more_info":"https://www.twilio.com/docs/errors/63038","status":429}

Enviando WhatsApp (Plantilla HXfe7b0a2828a9cdc7387a2cd32fbe10bb) a: +5213310043159...
✔️ Alerta enviada exitosamente.
-> Verificando brinco de escalón de tarifa...

--- Verificando alertas para: Miriam Montero  (None) ---
-> Verificando estado de conexión...

Enviando WhatsApp (Plantilla HXfe7b0a2828a9cdc7387a2cd32fbe10bb) a: +5213310043159...
⚠️  Error al enviar alerta. Código: 429, Respuesta: {"code":63038,"message":"Account AC3fb0bec1c75c0a1815aec82212e429b4 exceeded the 9 daily messages limit","more_info":"https://www.twilio.com/docs/errors/63038","status":429}

Enviando WhatsApp (Plantilla HXfe7b0a2828a9cdc7387a2cd32fbe10bb) a: +5213310043159...
✔️ Alerta enviada exitosamente.
-> Verificando brinco de escalón de tarifa...

🔌 Conexión con Base de Datos cerrada.

--- VIGILANTE v2.3 completado. ---
==================================================
==================================================
--- Iniciando VIGILANTE v2.3 (2025-10-18 22:00:03) ---
✅ Conexión con Base de Datos exitosa.
✅ Se encontraron 2 clientes en la base de datos.

--- Verificando alertas para: Juan Gallardo (30C6F7261434) ---
-> Verificando estado de conexión...

Enviando WhatsApp (Plantilla HXfe7b0a2828a9cdc7387a2cd32fbe10bb) a: +5213310043159...
✔️ Alerta enviada exitosamente.
-> Verificando brinco de escalón de tarifa...

--- Verificando alertas para: Miriam Montero  (None) ---
-> Verificando estado de conexión...

Enviando WhatsApp (Plantilla HXfe7b0a2828a9cdc7387a2cd32fbe10bb) a: +5213310043159...
✔️ Alerta enviada exitosamente.
-> Verificando brinco de escalón de tarifa...

🔌 Conexión con Base de Datos cerrada.

--- VIGILANTE v2.3 completado. ---
==================================================
==================================================
--- Iniciando VIGILANTE v2.3 (2025-10-18 23:00:02) ---
✅ Conexión con Base de Datos exitosa.
✅ Se encontraron 2 clientes en la base de datos.

--- Verificando alertas para: Juan Gallardo (30C6F7261434) ---
-> Verificando estado de conexión...

Enviando WhatsApp (Plantilla HXfe7b0a2828a9cdc7387a2cd32fbe10bb) a: +5213310043159...
✔️ Alerta enviada exitosamente.
-> Verificando brinco de escalón de tarifa...

--- Verificando alertas para: Miriam Montero  (None) ---
-> Verificando estado de conexión...

Enviando WhatsApp (Plantilla HXfe7b0a2828a9cdc7387a2cd32fbe10bb) a: +5213310043159...
✔️ Alerta enviada exitosamente.
-> Verificando brinco de escalón de tarifa...

🔌 Conexión con Base de Datos cerrada.

--- VIGILANTE v2.3 completado. ---
==================================================
==================================================
--- Iniciando VIGILANTE v2.3 (2025-10-19 00:00:02) ---
✅ Conexión con Base de Datos exitosa.
✅ Se encontraron 2 clientes en la base de datos.

--- Verificando alertas para: Juan Gallardo (30C6F7261434) ---
-> Verificando estado de conexión...

Enviando WhatsApp (Plantilla HXfe7b0a2828a9cdc7387a2cd32fbe10bb) a: +5213310043159...
⚠️  Error al enviar alerta. Código: 429, Respuesta: {"code":63038,"message":"Account AC3fb0bec1c75c0a1815aec82212e429b4 exceeded the 9 daily messages limit","more_info":"https://www.twilio.com/docs/errors/63038","status":429}

Enviando WhatsApp (Plantilla HXfe7b0a2828a9cdc7387a2cd32fbe10bb) a: +5213310043159...
⚠️  Error al enviar alerta. Código: 429, Respuesta: {"code":63038,"message":"Account AC3fb0bec1c75c0a1815aec82212e429b4 exceeded the 9 daily messages limit","more_info":"https://www.twilio.com/docs/errors/63038","status":429}

Enviando WhatsApp (Plantilla HXfe7b0a2828a9cdc7387a2cd32fbe10bb) a: +5213310043159...
⚠️  Error al enviar alerta. Código: 429, Respuesta: {"code":63038,"message":"Account AC3fb0bec1c75c0a1815aec82212e429b4 exceeded the 9 daily messages limit","more_info":"https://www.twilio.com/docs/errors/63038","status":429}
Traceback (most recent call last):
  File "/home/galj_octavio/env/lib/python3.12/site-packages/tenacity/__init__.py", line 480, in __call__
    result = fn(*args, **kwargs)
             ^^^^^^^^^^^^^^^^^^^
  File "/home/galj_octavio/vigilante_calidad.py", line 110, in enviar_alerta_whatsapp
    response.raise_for_status()
  File "/home/galj_octavio/env/lib/python3.12/site-packages/requests/models.py", line 1026, in raise_for_status
    raise HTTPError(http_error_msg, response=self)
requests.exceptions.HTTPError: 429 Client Error: Too Many Requests for url: https://api.twilio.com/2010-04-01/Accounts/AC3fb0bec1c75c0a1815aec82212e429b4/Messages.json

The above exception was the direct cause of the following exception:

Traceback (most recent call last):
  File "/home/galj_octavio/vigilante_calidad.py", line 374, in <module>
    main()
  File "/home/galj_octavio/vigilante_calidad.py", line 360, in main
    verificar_dispositivo_offline(df_ultima_hora, cliente)
  File "/home/galj_octavio/vigilante_calidad.py", line 217, in verificar_dispositivo_offline
    enviar_alerta_whatsapp(ADMIN_WHATSAPP_NUMBER, TPL_DISPOSITIVO_OFFLINE, {"1": cliente['nombre']})
  File "/home/galj_octavio/env/lib/python3.12/site-packages/tenacity/__init__.py", line 338, in wrapped_f
    return copy(f, *args, **kw)
           ^^^^^^^^^^^^^^^^^^^^
  File "/home/galj_octavio/env/lib/python3.12/site-packages/tenacity/__init__.py", line 477, in __call__
    do = self.iter(retry_state=retry_state)
         ^^^^^^^^^^^^^^^^^^^^^^^^^^^^^^^^^^
  File "/home/galj_octavio/env/lib/python3.12/site-packages/tenacity/__init__.py", line 378, in iter
    result = action(retry_state)
             ^^^^^^^^^^^^^^^^^^^
  File "/home/galj_octavio/env/lib/python3.12/site-packages/tenacity/__init__.py", line 421, in exc_check
    raise retry_exc from fut.exception()
tenacity.RetryError: RetryError[<Future at 0x7854652b14c0 state=finished raised HTTPError>]
==================================================
--- Iniciando VIGILANTE v2.3 (2025-10-19 01:00:02) ---
✅ Conexión con Base de Datos exitosa.
✅ Se encontraron 2 clientes en la base de datos.

--- Verificando alertas para: Juan Gallardo (30C6F7261434) ---
-> Verificando estado de conexión...

Enviando WhatsApp (Plantilla HXfe7b0a2828a9cdc7387a2cd32fbe10bb) a: +5213310043159...
✔️ Alerta enviada exitosamente.
-> Verificando brinco de escalón de tarifa...

--- Verificando alertas para: Miriam Montero  (None) ---
-> Verificando estado de conexión...

Enviando WhatsApp (Plantilla HXfe7b0a2828a9cdc7387a2cd32fbe10bb) a: +5213310043159...
✔️ Alerta enviada exitosamente.
-> Verificando brinco de escalón de tarifa...

🔌 Conexión con Base de Datos cerrada.

--- VIGILANTE v2.3 completado. ---
==================================================
==================================================
--- Iniciando VIGILANTE v2.3 (2025-10-19 02:00:02) ---
✅ Conexión con Base de Datos exitosa.
✅ Se encontraron 2 clientes en la base de datos.

--- Verificando alertas para: Juan Gallardo (30C6F7261434) ---
-> Verificando estado de conexión...

Enviando WhatsApp (Plantilla HXfe7b0a2828a9cdc7387a2cd32fbe10bb) a: +5213310043159...
⚠️  Error al enviar alerta. Código: 429, Respuesta: {"code":63038,"message":"Account AC3fb0bec1c75c0a1815aec82212e429b4 exceeded the 9 daily messages limit","more_info":"https://www.twilio.com/docs/errors/63038","status":429}

Enviando WhatsApp (Plantilla HXfe7b0a2828a9cdc7387a2cd32fbe10bb) a: +5213310043159...
✔️ Alerta enviada exitosamente.
-> Verificando brinco de escalón de tarifa...

--- Verificando alertas para: Miriam Montero  (None) ---
-> Verificando estado de conexión...

Enviando WhatsApp (Plantilla HXfe7b0a2828a9cdc7387a2cd32fbe10bb) a: +5213310043159...
⚠️  Error al enviar alerta. Código: 429, Respuesta: {"code":63038,"message":"Account AC3fb0bec1c75c0a1815aec82212e429b4 exceeded the 9 daily messages limit","more_info":"https://www.twilio.com/docs/errors/63038","status":429}

Enviando WhatsApp (Plantilla HXfe7b0a2828a9cdc7387a2cd32fbe10bb) a: +5213310043159...
✔️ Alerta enviada exitosamente.
-> Verificando brinco de escalón de tarifa...

🔌 Conexión con Base de Datos cerrada.

--- VIGILANTE v2.3 completado. ---
==================================================
==================================================
--- Iniciando VIGILANTE v2.3 (2025-10-19 03:00:02) ---
✅ Conexión con Base de Datos exitosa.
✅ Se encontraron 2 clientes en la base de datos.

--- Verificando alertas para: Juan Gallardo (30C6F7261434) ---
-> Verificando estado de conexión...

Enviando WhatsApp (Plantilla HXfe7b0a2828a9cdc7387a2cd32fbe10bb) a: +5213310043159...
✔️ Alerta enviada exitosamente.
-> Verificando brinco de escalón de tarifa...

--- Verificando alertas para: Miriam Montero  (None) ---
-> Verificando estado de conexión...

Enviando WhatsApp (Plantilla HXfe7b0a2828a9cdc7387a2cd32fbe10bb) a: +5213310043159...
⚠️  Error al enviar alerta. Código: 429, Respuesta: {"code":63038,"message":"Account AC3fb0bec1c75c0a1815aec82212e429b4 exceeded the 9 daily messages limit","more_info":"https://www.twilio.com/docs/errors/63038","status":429}

Enviando WhatsApp (Plantilla HXfe7b0a2828a9cdc7387a2cd32fbe10bb) a: +5213310043159...
✔️ Alerta enviada exitosamente.
-> Verificando brinco de escalón de tarifa...

🔌 Conexión con Base de Datos cerrada.

--- VIGILANTE v2.3 completado. ---
==================================================
==================================================
--- Iniciando VIGILANTE v2.3 (2025-10-19 04:00:02) ---
✅ Conexión con Base de Datos exitosa.
✅ Se encontraron 2 clientes en la base de datos.

--- Verificando alertas para: Juan Gallardo (30C6F7261434) ---
-> Verificando estado de conexión...

Enviando WhatsApp (Plantilla HXfe7b0a2828a9cdc7387a2cd32fbe10bb) a: +5213310043159...
⚠️  Error al enviar alerta. Código: 429, Respuesta: {"code":63038,"message":"Account AC3fb0bec1c75c0a1815aec82212e429b4 exceeded the 9 daily messages limit","more_info":"https://www.twilio.com/docs/errors/63038","status":429}

Enviando WhatsApp (Plantilla HXfe7b0a2828a9cdc7387a2cd32fbe10bb) a: +5213310043159...
✔️ Alerta enviada exitosamente.
-> Verificando brinco de escalón de tarifa...

--- Verificando alertas para: Miriam Montero  (None) ---
-> Verificando estado de conexión...

Enviando WhatsApp (Plantilla HXfe7b0a2828a9cdc7387a2cd32fbe10bb) a: +5213310043159...
✔️ Alerta enviada exitosamente.
-> Verificando brinco de escalón de tarifa...

🔌 Conexión con Base de Datos cerrada.

--- VIGILANTE v2.3 completado. ---
==================================================
==================================================
--- Iniciando VIGILANTE v2.3 (2025-10-19 05:00:02) ---
✅ Conexión con Base de Datos exitosa.
✅ Se encontraron 2 clientes en la base de datos.

--- Verificando alertas para: Juan Gallardo (30C6F7261434) ---
-> Verificando estado de conexión...

Enviando WhatsApp (Plantilla HXfe7b0a2828a9cdc7387a2cd32fbe10bb) a: +5213310043159...
✔️ Alerta enviada exitosamente.
-> Verificando brinco de escalón de tarifa...

--- Verificando alertas para: Miriam Montero  (None) ---
-> Verificando estado de conexión...

Enviando WhatsApp (Plantilla HXfe7b0a2828a9cdc7387a2cd32fbe10bb) a: +5213310043159...
✔️ Alerta enviada exitosamente.
-> Verificando brinco de escalón de tarifa...

🔌 Conexión con Base de Datos cerrada.

--- VIGILANTE v2.3 completado. ---
==================================================
==================================================
--- Iniciando VIGILANTE v2.3 (2025-10-19 06:00:04) ---
✅ Conexión con Base de Datos exitosa.
✅ Se encontraron 2 clientes en la base de datos.

--- Verificando alertas para: Juan Gallardo (30C6F7261434) ---
-> Verificando estado de conexión...

Enviando WhatsApp (Plantilla HXfe7b0a2828a9cdc7387a2cd32fbe10bb) a: +5213310043159...
✔️ Alerta enviada exitosamente.
-> Verificando brinco de escalón de tarifa...

--- Verificando alertas para: Miriam Montero  (None) ---
-> Verificando estado de conexión...

Enviando WhatsApp (Plantilla HXfe7b0a2828a9cdc7387a2cd32fbe10bb) a: +5213310043159...
✔️ Alerta enviada exitosamente.
-> Verificando brinco de escalón de tarifa...

🔌 Conexión con Base de Datos cerrada.

--- VIGILANTE v2.3 completado. ---
==================================================
==================================================
--- Iniciando VIGILANTE v2.3 (2025-10-19 07:00:02) ---
✅ Conexión con Base de Datos exitosa.
✅ Se encontraron 2 clientes en la base de datos.

--- Verificando alertas para: Juan Gallardo (30C6F7261434) ---
-> Verificando estado de conexión...

Enviando WhatsApp (Plantilla HXfe7b0a2828a9cdc7387a2cd32fbe10bb) a: +5213310043159...
✔️ Alerta enviada exitosamente.
-> Verificando brinco de escalón de tarifa...

--- Verificando alertas para: Miriam Montero  (None) ---
-> Verificando estado de conexión...

Enviando WhatsApp (Plantilla HXfe7b0a2828a9cdc7387a2cd32fbe10bb) a: +5213310043159...
⚠️  Error al enviar alerta. Código: 429, Respuesta: {"code":63038,"message":"Account AC3fb0bec1c75c0a1815aec82212e429b4 exceeded the 9 daily messages limit","more_info":"https://www.twilio.com/docs/errors/63038","status":429}

Enviando WhatsApp (Plantilla HXfe7b0a2828a9cdc7387a2cd32fbe10bb) a: +5213310043159...
✔️ Alerta enviada exitosamente.
-> Verificando brinco de escalón de tarifa...

🔌 Conexión con Base de Datos cerrada.

--- VIGILANTE v2.3 completado. ---
==================================================
==================================================
--- Iniciando VIGILANTE v2.3 (2025-10-19 08:00:03) ---
✅ Conexión con Base de Datos exitosa.
✅ Se encontraron 2 clientes en la base de datos.

--- Verificando alertas para: Juan Gallardo (30C6F7261434) ---
-> Verificando estado de conexión...

Enviando WhatsApp (Plantilla HXfe7b0a2828a9cdc7387a2cd32fbe10bb) a: +5213310043159...
✔️ Alerta enviada exitosamente.
-> Verificando brinco de escalón de tarifa...

--- Verificando alertas para: Miriam Montero  (None) ---
-> Verificando estado de conexión...

Enviando WhatsApp (Plantilla HXfe7b0a2828a9cdc7387a2cd32fbe10bb) a: +5213310043159...
✔️ Alerta enviada exitosamente.
-> Verificando brinco de escalón de tarifa...

🔌 Conexión con Base de Datos cerrada.

--- VIGILANTE v2.3 completado. ---
==================================================
==================================================
--- Iniciando VIGILANTE v2.3 (2025-10-19 09:00:02) ---
✅ Conexión con Base de Datos exitosa.
✅ Se encontraron 1 clientes en la base de datos.

--- Verificando alertas para: Juan Gallardo (30C6F7261434) ---
-> Verificando estado de conexión...

Enviando WhatsApp (Plantilla HXfe7b0a2828a9cdc7387a2cd32fbe10bb) a: +5213310043159...
✔️ Alerta enviada exitosamente.
-> Verificando brinco de escalón de tarifa...

🔌 Conexión con Base de Datos cerrada.

--- VIGILANTE v2.3 completado. ---
==================================================
==================================================
--- Iniciando VIGILANTE v2.3 (2025-10-19 10:00:04) ---
✅ Conexión con Base de Datos exitosa.
✅ Se encontraron 0 clientes en la base de datos.
No hay clientes para procesar. Terminando script.
==================================================
--- Iniciando VIGILANTE v2.3 (2025-10-19 11:00:02) ---
✅ Conexión con Base de Datos exitosa.
✅ Se encontraron 0 clientes en la base de datos.
No hay clientes para procesar. Terminando script.
==================================================
--- Iniciando VIGILANTE v2.3 (2025-10-19 12:00:02) ---
✅ Conexión con Base de Datos exitosa.
✅ Se encontraron 0 clientes en la base de datos.
No hay clientes para procesar. Terminando script.
==================================================
--- Iniciando VIGILANTE v2.3 (2025-10-19 13:00:01) ---
✅ Conexión con Base de Datos exitosa.
✅ Se encontraron 0 clientes en la base de datos.
No hay clientes para procesar. Terminando script.
==================================================
--- Iniciando VIGILANTE v2.3 (2025-10-19 14:00:06) ---
✅ Conexión con Base de Datos exitosa.
✅ Se encontraron 0 clientes en la base de datos.
No hay clientes para procesar. Terminando script.
==================================================
--- Iniciando VIGILANTE v2.3 (2025-10-19 15:00:05) ---
✅ Conexión con Base de Datos exitosa.
✅ Se encontraron 0 clientes en la base de datos.
No hay clientes para procesar. Terminando script.
==================================================
--- Iniciando VIGILANTE v2.3 (2025-10-19 16:00:02) ---
✅ Conexión con Base de Datos exitosa.
✅ Se encontraron 1 clientes en la base de datos.

--- Verificando alertas para: Juan Octavio (None) ---
-> Verificando estado de conexión...

Enviando WhatsApp (Plantilla HXfe7b0a2828a9cdc7387a2cd32fbe10bb) a: +5213310043159...
✔️ Alerta enviada exitosamente.
-> Verificando brinco de escalón de tarifa...

🔌 Conexión con Base de Datos cerrada.

--- VIGILANTE v2.3 completado. ---
==================================================
==================================================
--- Iniciando VIGILANTE v2.3 (2025-10-19 17:00:06) ---
✅ Conexión con Base de Datos exitosa.
✅ Se encontraron 0 clientes en la base de datos.
No hay clientes para procesar. Terminando script.
==================================================
--- Iniciando VIGILANTE v2.3 (2025-10-19 18:00:02) ---
✅ Conexión con Base de Datos exitosa.
✅ Se encontraron 1 clientes en la base de datos.

--- Verificando alertas para: Juan Gallardo  (None) ---
-> Verificando estado de conexión...

Enviando WhatsApp (Plantilla HXfe7b0a2828a9cdc7387a2cd32fbe10bb) a: +5213310043159...
✔️ Alerta enviada exitosamente.
-> Verificando brinco de escalón de tarifa...

🔌 Conexión con Base de Datos cerrada.

--- VIGILANTE v2.3 completado. ---
==================================================
==================================================
--- Iniciando VIGILANTE v2.3 (2025-10-19 19:00:02) ---
✅ Conexión con Base de Datos exitosa.
✅ Se encontraron 1 clientes en la base de datos.

--- Verificando alertas para: Juan Gallardo  (None) ---
-> Verificando estado de conexión...

Enviando WhatsApp (Plantilla HXfe7b0a2828a9cdc7387a2cd32fbe10bb) a: +5213310043159...
✔️ Alerta enviada exitosamente.
-> Verificando brinco de escalón de tarifa...

🔌 Conexión con Base de Datos cerrada.

--- VIGILANTE v2.3 completado. ---
==================================================
==================================================
--- Iniciando VIGILANTE v2.3 (2025-10-19 20:00:02) ---
✅ Conexión con Base de Datos exitosa.
✅ Se encontraron 1 clientes en la base de datos.

--- Verificando alertas para: Juan Gallardo  (None) ---
-> Verificando estado de conexión...

Enviando WhatsApp (Plantilla HXfe7b0a2828a9cdc7387a2cd32fbe10bb) a: +5213310043159...
✔️ Alerta enviada exitosamente.
-> Verificando brinco de escalón de tarifa...

🔌 Conexión con Base de Datos cerrada.

--- VIGILANTE v2.3 completado. ---
==================================================
==================================================
--- Iniciando VIGILANTE v2.3 (2025-10-19 21:00:01) ---
✅ Conexión con Base de Datos exitosa.
✅ Se encontraron 1 clientes en la base de datos.

--- Verificando alertas para: Juan Gallardo  (None) ---
-> Verificando estado de conexión...

Enviando WhatsApp (Plantilla HXfe7b0a2828a9cdc7387a2cd32fbe10bb) a: +5213310043159...
✔️ Alerta enviada exitosamente.
-> Verificando brinco de escalón de tarifa...

🔌 Conexión con Base de Datos cerrada.

--- VIGILANTE v2.3 completado. ---
==================================================
==================================================
--- Iniciando VIGILANTE v2.3 (2025-10-19 22:00:05) ---
✅ Conexión con Base de Datos exitosa.
✅ Se encontraron 1 clientes en la base de datos.

--- Verificando alertas para: Juan Gallardo  (None) ---
-> Verificando estado de conexión...

Enviando WhatsApp (Plantilla HXfe7b0a2828a9cdc7387a2cd32fbe10bb) a: +5213310043159...
✔️ Alerta enviada exitosamente.
-> Verificando brinco de escalón de tarifa...

🔌 Conexión con Base de Datos cerrada.

--- VIGILANTE v2.3 completado. ---
==================================================
==================================================
--- Iniciando VIGILANTE v2.3 (2025-10-19 23:00:03) ---
✅ Conexión con Base de Datos exitosa.
✅ Se encontraron 2 clientes en la base de datos.

--- Verificando alertas para: Juan Octavio (None) ---
-> Verificando estado de conexión...

Enviando WhatsApp (Plantilla HXfe7b0a2828a9cdc7387a2cd32fbe10bb) a: +5213310043159...
✔️ Alerta enviada exitosamente.
-> Verificando brinco de escalón de tarifa...

--- Verificando alertas para: Juan Octavio (None) ---
-> Verificando estado de conexión...

Enviando WhatsApp (Plantilla HXfe7b0a2828a9cdc7387a2cd32fbe10bb) a: +5213310043159...
✔️ Alerta enviada exitosamente.
-> Verificando brinco de escalón de tarifa...

🔌 Conexión con Base de Datos cerrada.

--- VIGILANTE v2.3 completado. ---
==================================================
==================================================
--- Iniciando VIGILANTE v2.3 (2025-10-20 00:00:02) ---
✅ Conexión con Base de Datos exitosa.
✅ Se encontraron 1 clientes en la base de datos.

--- Verificando alertas para: Juan Octavio (None) ---
-> Verificando estado de conexión...

Enviando WhatsApp (Plantilla HXfe7b0a2828a9cdc7387a2cd32fbe10bb) a: +5213310043159...
✔️ Alerta enviada exitosamente.
-> Verificando brinco de escalón de tarifa...

🔌 Conexión con Base de Datos cerrada.

--- VIGILANTE v2.3 completado. ---
==================================================
==================================================
--- Iniciando VIGILANTE v2.3 (2025-10-20 01:00:03) ---
✅ Conexión con Base de Datos exitosa.
✅ Se encontraron 1 clientes en la base de datos.

--- Verificando alertas para: Juan Octavio (None) ---
-> Verificando estado de conexión...

Enviando WhatsApp (Plantilla HXfe7b0a2828a9cdc7387a2cd32fbe10bb) a: +5213310043159...
✔️ Alerta enviada exitosamente.
-> Verificando brinco de escalón de tarifa...

🔌 Conexión con Base de Datos cerrada.

--- VIGILANTE v2.3 completado. ---
==================================================
==================================================
--- Iniciando VIGILANTE v2.3 (2025-10-20 02:00:02) ---
✅ Conexión con Base de Datos exitosa.
✅ Se encontraron 1 clientes en la base de datos.

--- Verificando alertas para: Juan Octavio (None) ---
-> Verificando estado de conexión...

Enviando WhatsApp (Plantilla HXfe7b0a2828a9cdc7387a2cd32fbe10bb) a: +5213310043159...
⚠️  Error al enviar alerta. Código: 503, Respuesta: {"code":20503,"message":"Service is unavailable, please try again","more_info":"https://www.twilio.com/docs/errors/503","status":503}

Enviando WhatsApp (Plantilla HXfe7b0a2828a9cdc7387a2cd32fbe10bb) a: +5213310043159...
⚠️  Error al enviar alerta. Código: 503, Respuesta: {"code":20503,"message":"Service is unavailable, please try again","more_info":"https://www.twilio.com/docs/errors/503","status":503}

Enviando WhatsApp (Plantilla HXfe7b0a2828a9cdc7387a2cd32fbe10bb) a: +5213310043159...
⚠️  Error al enviar alerta. Código: 503, Respuesta: {"code":20503,"message":"Service is unavailable, please try again","more_info":"https://www.twilio.com/docs/errors/503","status":503}
Traceback (most recent call last):
  File "/home/galj_octavio/env/lib/python3.12/site-packages/tenacity/__init__.py", line 480, in __call__
    result = fn(*args, **kwargs)
             ^^^^^^^^^^^^^^^^^^^
  File "/home/galj_octavio/vigilante_calidad.py", line 110, in enviar_alerta_whatsapp
    response.raise_for_status()
  File "/home/galj_octavio/env/lib/python3.12/site-packages/requests/models.py", line 1026, in raise_for_status
    raise HTTPError(http_error_msg, response=self)
requests.exceptions.HTTPError: 503 Server Error: Service Unavailable for url: https://api.twilio.com/2010-04-01/Accounts/AC3fb0bec1c75c0a1815aec82212e429b4/Messages.json

The above exception was the direct cause of the following exception:

Traceback (most recent call last):
  File "/home/galj_octavio/vigilante_calidad.py", line 374, in <module>
    main()
  File "/home/galj_octavio/vigilante_calidad.py", line 360, in main
    verificar_dispositivo_offline(df_ultima_hora, cliente)
  File "/home/galj_octavio/vigilante_calidad.py", line 217, in verificar_dispositivo_offline
    enviar_alerta_whatsapp(ADMIN_WHATSAPP_NUMBER, TPL_DISPOSITIVO_OFFLINE, {"1": cliente['nombre']})
  File "/home/galj_octavio/env/lib/python3.12/site-packages/tenacity/__init__.py", line 338, in wrapped_f
    return copy(f, *args, **kw)
           ^^^^^^^^^^^^^^^^^^^^
  File "/home/galj_octavio/env/lib/python3.12/site-packages/tenacity/__init__.py", line 477, in __call__
    do = self.iter(retry_state=retry_state)
         ^^^^^^^^^^^^^^^^^^^^^^^^^^^^^^^^^^
  File "/home/galj_octavio/env/lib/python3.12/site-packages/tenacity/__init__.py", line 378, in iter
    result = action(retry_state)
             ^^^^^^^^^^^^^^^^^^^
  File "/home/galj_octavio/env/lib/python3.12/site-packages/tenacity/__init__.py", line 421, in exc_check
    raise retry_exc from fut.exception()
tenacity.RetryError: RetryError[<Future at 0x7f551cbabdd0 state=finished raised HTTPError>]
==================================================
--- Iniciando VIGILANTE v2.3 (2025-10-20 03:00:02) ---
✅ Conexión con Base de Datos exitosa.
✅ Se encontraron 1 clientes en la base de datos.

--- Verificando alertas para: Juan Octavio (None) ---
-> Verificando estado de conexión...

Enviando WhatsApp (Plantilla HXfe7b0a2828a9cdc7387a2cd32fbe10bb) a: +5213310043159...
⚠️  Error al enviar alerta. Código: 503, Respuesta: {"code":20503,"message":"Service is unavailable, please try again","more_info":"https://www.twilio.com/docs/errors/503","status":503}

Enviando WhatsApp (Plantilla HXfe7b0a2828a9cdc7387a2cd32fbe10bb) a: +5213310043159...
⚠️  Error al enviar alerta. Código: 503, Respuesta: {"code":20503,"message":"Service is unavailable, please try again","more_info":"https://www.twilio.com/docs/errors/503","status":503}

Enviando WhatsApp (Plantilla HXfe7b0a2828a9cdc7387a2cd32fbe10bb) a: +5213310043159...
⚠️  Error al enviar alerta. Código: 503, Respuesta: {"code":20503,"message":"Service is unavailable, please try again","more_info":"https://www.twilio.com/docs/errors/503","status":503}
Traceback (most recent call last):
  File "/home/galj_octavio/env/lib/python3.12/site-packages/tenacity/__init__.py", line 480, in __call__
    result = fn(*args, **kwargs)
             ^^^^^^^^^^^^^^^^^^^
  File "/home/galj_octavio/vigilante_calidad.py", line 110, in enviar_alerta_whatsapp
    response.raise_for_status()
  File "/home/galj_octavio/env/lib/python3.12/site-packages/requests/models.py", line 1026, in raise_for_status
    raise HTTPError(http_error_msg, response=self)
requests.exceptions.HTTPError: 503 Server Error: Service Unavailable for url: https://api.twilio.com/2010-04-01/Accounts/AC3fb0bec1c75c0a1815aec82212e429b4/Messages.json

The above exception was the direct cause of the following exception:

Traceback (most recent call last):
  File "/home/galj_octavio/vigilante_calidad.py", line 374, in <module>
    main()
  File "/home/galj_octavio/vigilante_calidad.py", line 360, in main
    verificar_dispositivo_offline(df_ultima_hora, cliente)
  File "/home/galj_octavio/vigilante_calidad.py", line 217, in verificar_dispositivo_offline
    enviar_alerta_whatsapp(ADMIN_WHATSAPP_NUMBER, TPL_DISPOSITIVO_OFFLINE, {"1": cliente['nombre']})
  File "/home/galj_octavio/env/lib/python3.12/site-packages/tenacity/__init__.py", line 338, in wrapped_f
    return copy(f, *args, **kw)
           ^^^^^^^^^^^^^^^^^^^^
  File "/home/galj_octavio/env/lib/python3.12/site-packages/tenacity/__init__.py", line 477, in __call__
    do = self.iter(retry_state=retry_state)
         ^^^^^^^^^^^^^^^^^^^^^^^^^^^^^^^^^^
  File "/home/galj_octavio/env/lib/python3.12/site-packages/tenacity/__init__.py", line 378, in iter
    result = action(retry_state)
             ^^^^^^^^^^^^^^^^^^^
  File "/home/galj_octavio/env/lib/python3.12/site-packages/tenacity/__init__.py", line 421, in exc_check
    raise retry_exc from fut.exception()
tenacity.RetryError: RetryError[<Future at 0x75a222aeb410 state=finished raised HTTPError>]
==================================================
--- Iniciando VIGILANTE v2.3 (2025-10-20 04:00:02) ---
✅ Conexión con Base de Datos exitosa.
✅ Se encontraron 1 clientes en la base de datos.

--- Verificando alertas para: Juan Octavio (None) ---
-> Verificando estado de conexión...

Enviando WhatsApp (Plantilla HXfe7b0a2828a9cdc7387a2cd32fbe10bb) a: +5213310043159...
✔️ Alerta enviada exitosamente.
-> Verificando brinco de escalón de tarifa...

🔌 Conexión con Base de Datos cerrada.

--- VIGILANTE v2.3 completado. ---
==================================================
==================================================
--- Iniciando VIGILANTE v2.3 (2025-10-20 05:00:02) ---
✅ Conexión con Base de Datos exitosa.
✅ Se encontraron 1 clientes en la base de datos.

--- Verificando alertas para: Juan Octavio (None) ---
-> Verificando estado de conexión...

Enviando WhatsApp (Plantilla HXfe7b0a2828a9cdc7387a2cd32fbe10bb) a: +5213310043159...
✔️ Alerta enviada exitosamente.
-> Verificando brinco de escalón de tarifa...

🔌 Conexión con Base de Datos cerrada.

--- VIGILANTE v2.3 completado. ---
==================================================
==================================================
--- Iniciando VIGILANTE v2.3 (2025-10-20 06:00:02) ---
✅ Conexión con Base de Datos exitosa.
✅ Se encontraron 1 clientes en la base de datos.

--- Verificando alertas para: Juan Octavio (None) ---
-> Verificando estado de conexión...

Enviando WhatsApp (Plantilla HXfe7b0a2828a9cdc7387a2cd32fbe10bb) a: +5213310043159...
✔️ Alerta enviada exitosamente.
-> Verificando brinco de escalón de tarifa...

🔌 Conexión con Base de Datos cerrada.

--- VIGILANTE v2.3 completado. ---
==================================================
==================================================
--- Iniciando VIGILANTE v2.3 (2025-10-20 07:00:02) ---
✅ Conexión con Base de Datos exitosa.
✅ Se encontraron 1 clientes en la base de datos.

--- Verificando alertas para: Juan Octavio (None) ---
-> Verificando estado de conexión...

Enviando WhatsApp (Plantilla HXfe7b0a2828a9cdc7387a2cd32fbe10bb) a: +5213310043159...
✔️ Alerta enviada exitosamente.
-> Verificando brinco de escalón de tarifa...

🔌 Conexión con Base de Datos cerrada.

--- VIGILANTE v2.3 completado. ---
==================================================
==================================================
--- Iniciando VIGILANTE v2.3 (2025-10-20 08:00:01) ---
✅ Conexión con Base de Datos exitosa.
✅ Se encontraron 1 clientes en la base de datos.

--- Verificando alertas para: Juan Octavio (None) ---
-> Verificando estado de conexión...

Enviando WhatsApp (Plantilla HXfe7b0a2828a9cdc7387a2cd32fbe10bb) a: +5213310043159...
✔️ Alerta enviada exitosamente.
-> Verificando brinco de escalón de tarifa...

🔌 Conexión con Base de Datos cerrada.

--- VIGILANTE v2.3 completado. ---
==================================================
==================================================
--- Iniciando VIGILANTE v2.3 (2025-10-20 09:00:01) ---
✅ Conexión con Base de Datos exitosa.
✅ Se encontraron 1 clientes en la base de datos.

--- Verificando alertas para: Juan Octavio (None) ---
-> Verificando estado de conexión...

Enviando WhatsApp (Plantilla HXfe7b0a2828a9cdc7387a2cd32fbe10bb) a: +5213310043159...
✔️ Alerta enviada exitosamente.
-> Verificando brinco de escalón de tarifa...

🔌 Conexión con Base de Datos cerrada.

--- VIGILANTE v2.3 completado. ---
==================================================
==================================================
--- Iniciando VIGILANTE v2.3 (2025-10-20 10:00:02) ---
✅ Conexión con Base de Datos exitosa.
✅ Se encontraron 1 clientes en la base de datos.

--- Verificando alertas para: Juan Octavio (None) ---
-> Verificando estado de conexión...

Enviando WhatsApp (Plantilla HXfe7b0a2828a9cdc7387a2cd32fbe10bb) a: +5213310043159...
✔️ Alerta enviada exitosamente.
-> Verificando brinco de escalón de tarifa...

🔌 Conexión con Base de Datos cerrada.

--- VIGILANTE v2.3 completado. ---
==================================================
==================================================
--- Iniciando VIGILANTE v2.3 (2025-10-20 11:00:02) ---
✅ Conexión con Base de Datos exitosa.
✅ Se encontraron 1 clientes en la base de datos.

--- Verificando alertas para: Juan Octavio (None) ---
-> Verificando estado de conexión...

Enviando WhatsApp (Plantilla HXfe7b0a2828a9cdc7387a2cd32fbe10bb) a: +5213310043159...
✔️ Alerta enviada exitosamente.
-> Verificando brinco de escalón de tarifa...

🔌 Conexión con Base de Datos cerrada.

--- VIGILANTE v2.3 completado. ---
==================================================
==================================================
--- Iniciando VIGILANTE v2.3 (2025-10-20 12:00:02) ---
✅ Conexión con Base de Datos exitosa.
✅ Se encontraron 1 clientes en la base de datos.

--- Verificando alertas para: Juan Octavio (None) ---
-> Verificando estado de conexión...

Enviando WhatsApp (Plantilla HXfe7b0a2828a9cdc7387a2cd32fbe10bb) a: +5213310043159...
✔️ Alerta enviada exitosamente.
-> Verificando brinco de escalón de tarifa...

🔌 Conexión con Base de Datos cerrada.

--- VIGILANTE v2.3 completado. ---
==================================================
==================================================
--- Iniciando VIGILANTE v2.3 (2025-10-20 13:00:02) ---
✅ Conexión con Base de Datos exitosa.
✅ Se encontraron 1 clientes en la base de datos.

--- Verificando alertas para: Juan Octavio (None) ---
-> Verificando estado de conexión...

Enviando WhatsApp (Plantilla HXfe7b0a2828a9cdc7387a2cd32fbe10bb) a: +5213310043159...
✔️ Alerta enviada exitosamente.
-> Verificando brinco de escalón de tarifa...

🔌 Conexión con Base de Datos cerrada.

--- VIGILANTE v2.3 completado. ---
==================================================
==================================================
--- Iniciando VIGILANTE v2.3 (2025-10-20 14:00:02) ---
✅ Conexión con Base de Datos exitosa.
✅ Se encontraron 1 clientes en la base de datos.

--- Verificando alertas para: Juan Octavio (None) ---
-> Verificando estado de conexión...

Enviando WhatsApp (Plantilla HXfe7b0a2828a9cdc7387a2cd32fbe10bb) a: +5213310043159...
✔️ Alerta enviada exitosamente.
-> Verificando brinco de escalón de tarifa...

🔌 Conexión con Base de Datos cerrada.

--- VIGILANTE v2.3 completado. ---
==================================================
==================================================
--- Iniciando VIGILANTE v2.3 (2025-10-20 15:00:02) ---
✅ Conexión con Base de Datos exitosa.
✅ Se encontraron 1 clientes en la base de datos.

--- Verificando alertas para: Juan Octavio (None) ---
-> Verificando estado de conexión...

Enviando WhatsApp (Plantilla HXfe7b0a2828a9cdc7387a2cd32fbe10bb) a: +5213310043159...
✔️ Alerta enviada exitosamente.
-> Verificando brinco de escalón de tarifa...

🔌 Conexión con Base de Datos cerrada.

--- VIGILANTE v2.3 completado. ---
==================================================
==================================================
--- Iniciando VIGILANTE v2.3 (2025-10-20 16:00:04) ---
✅ Conexión con Base de Datos exitosa.
✅ Se encontraron 1 clientes en la base de datos.

--- Verificando alertas para: Juan Octavio (None) ---
-> Verificando estado de conexión...

Enviando WhatsApp (Plantilla HXfe7b0a2828a9cdc7387a2cd32fbe10bb) a: +5213310043159...
✔️ Alerta enviada exitosamente.
-> Verificando brinco de escalón de tarifa...

🔌 Conexión con Base de Datos cerrada.

--- VIGILANTE v2.3 completado. ---
==================================================
==================================================
--- Iniciando VIGILANTE v2.3 (2025-10-20 17:00:02) ---
✅ Conexión con Base de Datos exitosa.
✅ Se encontraron 1 clientes en la base de datos.

--- Verificando alertas para: Juan Octavio (None) ---
-> Verificando estado de conexión...

Enviando WhatsApp (Plantilla HXfe7b0a2828a9cdc7387a2cd32fbe10bb) a: +5213310043159...
✔️ Alerta enviada exitosamente.
-> Verificando brinco de escalón de tarifa...

🔌 Conexión con Base de Datos cerrada.

--- VIGILANTE v2.3 completado. ---
==================================================
==================================================
--- Iniciando VIGILANTE v2.3 (2025-10-20 18:00:02) ---
✅ Conexión con Base de Datos exitosa.
✅ Se encontraron 1 clientes en la base de datos.

--- Verificando alertas para: Juan Octavio (None) ---
-> Verificando estado de conexión...

Enviando WhatsApp (Plantilla HXfe7b0a2828a9cdc7387a2cd32fbe10bb) a: +5213310043159...
✔️ Alerta enviada exitosamente.
-> Verificando brinco de escalón de tarifa...

🔌 Conexión con Base de Datos cerrada.

--- VIGILANTE v2.3 completado. ---
==================================================
==================================================
--- Iniciando VIGILANTE v2.3 (2025-10-20 19:00:02) ---
✅ Conexión con Base de Datos exitosa.
✅ Se encontraron 1 clientes en la base de datos.

--- Verificando alertas para: Juan Octavio (None) ---
-> Verificando estado de conexión...

Enviando WhatsApp (Plantilla HXfe7b0a2828a9cdc7387a2cd32fbe10bb) a: +5213310043159...
✔️ Alerta enviada exitosamente.
-> Verificando brinco de escalón de tarifa...

🔌 Conexión con Base de Datos cerrada.

--- VIGILANTE v2.3 completado. ---
==================================================
==================================================
--- Iniciando VIGILANTE v2.3 (2025-10-20 20:00:02) ---
✅ Conexión con Base de Datos exitosa.
✅ Se encontraron 1 clientes en la base de datos.

--- Verificando alertas para: Juan Octavio (None) ---
-> Verificando estado de conexión...

Enviando WhatsApp (Plantilla HXfe7b0a2828a9cdc7387a2cd32fbe10bb) a: +5213310043159...
✔️ Alerta enviada exitosamente.
-> Verificando brinco de escalón de tarifa...

🔌 Conexión con Base de Datos cerrada.

--- VIGILANTE v2.3 completado. ---
==================================================
==================================================
--- Iniciando VIGILANTE v2.3 (2025-10-20 21:00:02) ---
✅ Conexión con Base de Datos exitosa.
✅ Se encontraron 1 clientes en la base de datos.

--- Verificando alertas para: Juan Octavio (None) ---
-> Verificando estado de conexión...

Enviando WhatsApp (Plantilla HXfe7b0a2828a9cdc7387a2cd32fbe10bb) a: +5213310043159...
✔️ Alerta enviada exitosamente.
-> Verificando brinco de escalón de tarifa...

🔌 Conexión con Base de Datos cerrada.

--- VIGILANTE v2.3 completado. ---
==================================================
==================================================
--- Iniciando VIGILANTE v2.3 (2025-10-20 22:00:01) ---
✅ Conexión con Base de Datos exitosa.
✅ Se encontraron 1 clientes en la base de datos.

--- Verificando alertas para: Juan Octavio (None) ---
-> Verificando estado de conexión...

Enviando WhatsApp (Plantilla HXfe7b0a2828a9cdc7387a2cd32fbe10bb) a: +5213310043159...
✔️ Alerta enviada exitosamente.
-> Verificando brinco de escalón de tarifa...

🔌 Conexión con Base de Datos cerrada.

--- VIGILANTE v2.3 completado. ---
==================================================
==================================================
--- Iniciando VIGILANTE v2.3 (2025-10-20 23:00:01) ---
✅ Conexión con Base de Datos exitosa.
✅ Se encontraron 1 clientes en la base de datos.

--- Verificando alertas para: Juan Octavio (None) ---
-> Verificando estado de conexión...

Enviando WhatsApp (Plantilla HXfe7b0a2828a9cdc7387a2cd32fbe10bb) a: +5213310043159...
✔️ Alerta enviada exitosamente.
-> Verificando brinco de escalón de tarifa...

🔌 Conexión con Base de Datos cerrada.

--- VIGILANTE v2.3 completado. ---
==================================================
==================================================
--- Iniciando VIGILANTE v2.3 (2025-10-21 00:00:01) ---
✅ Conexión con Base de Datos exitosa.
✅ Se encontraron 1 clientes en la base de datos.

--- Verificando alertas para: Juan Octavio (None) ---
-> Verificando estado de conexión...

Enviando WhatsApp (Plantilla HXfe7b0a2828a9cdc7387a2cd32fbe10bb) a: +5213310043159...
✔️ Alerta enviada exitosamente.
-> Verificando brinco de escalón de tarifa...

🔌 Conexión con Base de Datos cerrada.

--- VIGILANTE v2.3 completado. ---
==================================================
==================================================
--- Iniciando VIGILANTE v2.3 (2025-10-21 01:00:02) ---
✅ Conexión con Base de Datos exitosa.
✅ Se encontraron 1 clientes en la base de datos.

--- Verificando alertas para: Juan Octavio (None) ---
-> Verificando estado de conexión...

Enviando WhatsApp (Plantilla HXfe7b0a2828a9cdc7387a2cd32fbe10bb) a: +5213310043159...
✔️ Alerta enviada exitosamente.
-> Verificando brinco de escalón de tarifa...

🔌 Conexión con Base de Datos cerrada.

--- VIGILANTE v2.3 completado. ---
==================================================
==================================================
--- Iniciando VIGILANTE v2.3 (2025-10-21 02:00:02) ---
✅ Conexión con Base de Datos exitosa.
✅ Se encontraron 1 clientes en la base de datos.

--- Verificando alertas para: Juan Octavio (None) ---
-> Verificando estado de conexión...

Enviando WhatsApp (Plantilla HXfe7b0a2828a9cdc7387a2cd32fbe10bb) a: +5213310043159...
✔️ Alerta enviada exitosamente.
-> Verificando brinco de escalón de tarifa...

🔌 Conexión con Base de Datos cerrada.

--- VIGILANTE v2.3 completado. ---
==================================================
==================================================
--- Iniciando VIGILANTE v2.3 (2025-10-21 03:00:04) ---
✅ Conexión con Base de Datos exitosa.
✅ Se encontraron 1 clientes en la base de datos.

--- Verificando alertas para: Juan Octavio (None) ---
-> Verificando estado de conexión...

Enviando WhatsApp (Plantilla HXfe7b0a2828a9cdc7387a2cd32fbe10bb) a: +5213310043159...
✔️ Alerta enviada exitosamente.
-> Verificando brinco de escalón de tarifa...

🔌 Conexión con Base de Datos cerrada.

--- VIGILANTE v2.3 completado. ---
==================================================
==================================================
--- Iniciando VIGILANTE v2.3 (2025-10-21 04:00:06) ---
✅ Conexión con Base de Datos exitosa.
✅ Se encontraron 1 clientes en la base de datos.

--- Verificando alertas para: Juan Octavio (None) ---
-> Verificando estado de conexión...

Enviando WhatsApp (Plantilla HXfe7b0a2828a9cdc7387a2cd32fbe10bb) a: +5213310043159...
✔️ Alerta enviada exitosamente.
-> Verificando brinco de escalón de tarifa...

🔌 Conexión con Base de Datos cerrada.

--- VIGILANTE v2.3 completado. ---
==================================================
==================================================
--- Iniciando VIGILANTE v2.3 (2025-10-21 05:00:03) ---
✅ Conexión con Base de Datos exitosa.
✅ Se encontraron 1 clientes en la base de datos.

--- Verificando alertas para: Juan Octavio (None) ---
-> Verificando estado de conexión...

Enviando WhatsApp (Plantilla HXfe7b0a2828a9cdc7387a2cd32fbe10bb) a: +5213310043159...
✔️ Alerta enviada exitosamente.
-> Verificando brinco de escalón de tarifa...

🔌 Conexión con Base de Datos cerrada.

--- VIGILANTE v2.3 completado. ---
==================================================
==================================================
--- Iniciando VIGILANTE v2.3 (2025-10-21 06:00:08) ---
✅ Conexión con Base de Datos exitosa.
❌ ERROR al obtener clientes: column "device_id" does not exist
LINE 2:             SELECT device_id, telefono_whatsapp, nombre, dia...
                           ^

No hay clientes para procesar. Terminando script.
==================================================
--- Iniciando VIGILANTE v2.3 (2025-10-21 07:00:05) ---
✅ Conexión con Base de Datos exitosa.
❌ ERROR al obtener clientes: column "device_id" does not exist
LINE 2:             SELECT device_id, telefono_whatsapp, nombre, dia...
                           ^

No hay clientes para procesar. Terminando script.
==================================================
--- Iniciando VIGILANTE v2.3 (2025-10-21 08:00:06) ---
✅ Conexión con Base de Datos exitosa.
❌ ERROR al obtener clientes: column "device_id" does not exist
LINE 2:             SELECT device_id, telefono_whatsapp, nombre, dia...
                           ^

No hay clientes para procesar. Terminando script.
==================================================
--- Iniciando VIGILANTE v2.3 (2025-10-21 09:00:02) ---
✅ Conexión con Base de Datos exitosa.
❌ ERROR al obtener clientes: column "device_id" does not exist
LINE 2:             SELECT device_id, telefono_whatsapp, nombre, dia...
                           ^

No hay clientes para procesar. Terminando script.
==================================================
--- Iniciando VIGILANTE v2.3 (2025-10-21 10:00:02) ---
✅ Conexión con Base de Datos exitosa.
❌ ERROR al obtener clientes: column "device_id" does not exist
LINE 2:             SELECT device_id, telefono_whatsapp, nombre, dia...
                           ^

No hay clientes para procesar. Terminando script.
==================================================
--- Iniciando VIGILANTE v2.3 (2025-10-21 11:00:02) ---
✅ Conexión con Base de Datos exitosa.
❌ ERROR al obtener clientes: column "device_id" does not exist
LINE 2:             SELECT device_id, telefono_whatsapp, nombre, dia...
                           ^

No hay clientes para procesar. Terminando script.
==================================================
--- Iniciando VIGILANTE v2.3 (2025-10-21 12:00:02) ---
✅ Conexión con Base de Datos exitosa.
❌ ERROR al obtener clientes: column "device_id" does not exist
LINE 2:             SELECT device_id, telefono_whatsapp, nombre, dia...
                           ^

No hay clientes para procesar. Terminando script.
==================================================
--- Iniciando VIGILANTE v2.3 (2025-10-21 13:00:03) ---
✅ Conexión con Base de Datos exitosa.
❌ ERROR al obtener clientes: column "device_id" does not exist
LINE 2:             SELECT device_id, telefono_whatsapp, nombre, dia...
                           ^

No hay clientes para procesar. Terminando script.
==================================================
--- Iniciando VIGILANTE v2.3 (2025-10-21 14:00:01) ---
✅ Conexión con Base de Datos exitosa.
❌ ERROR al obtener clientes: column "device_id" does not exist
LINE 2:             SELECT device_id, telefono_whatsapp, nombre, dia...
                           ^

No hay clientes para procesar. Terminando script.
==================================================
--- Iniciando VIGILANTE v2.3 (2025-10-21 15:00:02) ---
✅ Conexión con Base de Datos exitosa.
❌ ERROR al obtener clientes: column "device_id" does not exist
LINE 2:             SELECT device_id, telefono_whatsapp, nombre, dia...
                           ^

No hay clientes para procesar. Terminando script.
==================================================
--- Iniciando VIGILANTE v2.3 (2025-10-21 16:00:05) ---
✅ Conexión con Base de Datos exitosa.
❌ ERROR al obtener clientes: column "device_id" does not exist
LINE 2:             SELECT device_id, telefono_whatsapp, nombre, dia...
                           ^

No hay clientes para procesar. Terminando script.
==================================================
--- Iniciando VIGILANTE v2.3 (2025-10-21 17:00:02) ---
✅ Conexión con Base de Datos exitosa.
❌ ERROR al obtener clientes: column "device_id" does not exist
LINE 2:             SELECT device_id, telefono_whatsapp, nombre, dia...
                           ^

No hay clientes para procesar. Terminando script.
==================================================
--- Iniciando VIGILANTE v2.3 (2025-10-21 18:00:02) ---
✅ Conexión con Base de Datos exitosa.
❌ ERROR al obtener clientes: column "device_id" does not exist
LINE 2:             SELECT device_id, telefono_whatsapp, nombre, dia...
                           ^

No hay clientes para procesar. Terminando script.
==================================================
--- Iniciando VIGILANTE v2.3 (2025-10-21 19:00:02) ---
✅ Conexión con Base de Datos exitosa.
❌ ERROR al obtener clientes: column "device_id" does not exist
LINE 2:             SELECT device_id, telefono_whatsapp, nombre, dia...
                           ^

No hay clientes para procesar. Terminando script.
==================================================
--- Iniciando VIGILANTE v2.3 (2025-10-21 20:00:02) ---
✅ Conexión con Base de Datos exitosa.
❌ ERROR al obtener clientes: column "device_id" does not exist
LINE 2:             SELECT device_id, telefono_whatsapp, nombre, dia...
                           ^

No hay clientes para procesar. Terminando script.
==================================================
--- Iniciando VIGILANTE v2.3 (2025-10-21 21:00:02) ---
✅ Conexión con Base de Datos exitosa.
❌ ERROR al obtener clientes: column "device_id" does not exist
LINE 2:             SELECT device_id, telefono_whatsapp, nombre, dia...
                           ^

No hay clientes para procesar. Terminando script.
==================================================
--- Iniciando VIGILANTE v2.3 (2025-10-21 22:00:02) ---
✅ Conexión con Base de Datos exitosa.
❌ ERROR al obtener clientes: column "device_id" does not exist
LINE 2:             SELECT device_id, telefono_whatsapp, nombre, dia...
                           ^

No hay clientes para procesar. Terminando script.
==================================================
--- Iniciando VIGILANTE v2.3 (2025-10-21 23:00:02) ---
✅ Conexión con Base de Datos exitosa.
❌ ERROR al obtener clientes: column "device_id" does not exist
LINE 2:             SELECT device_id, telefono_whatsapp, nombre, dia...
                           ^

No hay clientes para procesar. Terminando script.
==================================================
--- Iniciando VIGILANTE v2.3 (2025-10-22 00:00:01) ---
✅ Conexión con Base de Datos exitosa.
❌ ERROR al obtener clientes: column "device_id" does not exist
LINE 2:             SELECT device_id, telefono_whatsapp, nombre, dia...
                           ^

No hay clientes para procesar. Terminando script.
==================================================
--- Iniciando VIGILANTE v2.3 (2025-10-22 01:00:02) ---
✅ Conexión con Base de Datos exitosa.
❌ ERROR al obtener clientes: column "device_id" does not exist
LINE 2:             SELECT device_id, telefono_whatsapp, nombre, dia...
                           ^

No hay clientes para procesar. Terminando script.
==================================================
--- Iniciando VIGILANTE v2.3 (2025-10-22 02:00:01) ---
✅ Conexión con Base de Datos exitosa.
❌ ERROR al obtener clientes: column "device_id" does not exist
LINE 2:             SELECT device_id, telefono_whatsapp, nombre, dia...
                           ^

No hay clientes para procesar. Terminando script.
==================================================
--- Iniciando VIGILANTE v2.3 (2025-10-22 03:00:02) ---
✅ Conexión con Base de Datos exitosa.
❌ ERROR al obtener clientes: column "device_id" does not exist
LINE 2:             SELECT device_id, telefono_whatsapp, nombre, dia...
                           ^

No hay clientes para procesar. Terminando script.
==================================================
--- Iniciando VIGILANTE v2.3 (2025-10-22 04:00:01) ---
✅ Conexión con Base de Datos exitosa.
❌ ERROR al obtener clientes: column "device_id" does not exist
LINE 2:             SELECT device_id, telefono_whatsapp, nombre, dia...
                           ^

No hay clientes para procesar. Terminando script.
==================================================
--- Iniciando VIGILANTE v2.3 (2025-10-22 05:00:02) ---
✅ Conexión con Base de Datos exitosa.
❌ ERROR al obtener clientes: column "device_id" does not exist
LINE 2:             SELECT device_id, telefono_whatsapp, nombre, dia...
                           ^

No hay clientes para procesar. Terminando script.
==================================================
--- Iniciando VIGILANTE v2.3 (2025-10-22 06:00:02) ---
✅ Conexión con Base de Datos exitosa.
❌ ERROR al obtener clientes: column "device_id" does not exist
LINE 2:             SELECT device_id, telefono_whatsapp, nombre, dia...
                           ^

No hay clientes para procesar. Terminando script.
==================================================
--- Iniciando VIGILANTE v2.3 (2025-10-22 07:00:04) ---
✅ Conexión con Base de Datos exitosa.
❌ ERROR al obtener clientes: column "device_id" does not exist
LINE 2:             SELECT device_id, telefono_whatsapp, nombre, dia...
                           ^

No hay clientes para procesar. Terminando script.
==================================================
--- Iniciando VIGILANTE v2.3 (2025-10-22 08:00:04) ---
✅ Conexión con Base de Datos exitosa.
❌ ERROR al obtener clientes: column "device_id" does not exist
LINE 2:             SELECT device_id, telefono_whatsapp, nombre, dia...
                           ^

No hay clientes para procesar. Terminando script.
==================================================
--- Iniciando VIGILANTE v2.3 (2025-10-22 09:00:03) ---
✅ Conexión con Base de Datos exitosa.
❌ ERROR al obtener clientes: column "device_id" does not exist
LINE 2:             SELECT device_id, telefono_whatsapp, nombre, dia...
                           ^

No hay clientes para procesar. Terminando script.
==================================================
--- Iniciando VIGILANTE v2.3 (2025-10-22 10:00:04) ---
✅ Conexión con Base de Datos exitosa.
❌ ERROR al obtener clientes: column "device_id" does not exist
LINE 2:             SELECT device_id, telefono_whatsapp, nombre, dia...
                           ^

No hay clientes para procesar. Terminando script.
==================================================
--- Iniciando VIGILANTE v2.3 (2025-10-22 11:00:02) ---
✅ Conexión con Base de Datos exitosa.
❌ ERROR al obtener clientes: column "device_id" does not exist
LINE 2:             SELECT device_id, telefono_whatsapp, nombre, dia...
                           ^

No hay clientes para procesar. Terminando script.
==================================================
--- Iniciando VIGILANTE v2.3 (2025-10-22 12:00:02) ---
✅ Conexión con Base de Datos exitosa.
❌ ERROR al obtener clientes: column "device_id" does not exist
LINE 2:             SELECT device_id, telefono_whatsapp, nombre, dia...
                           ^

No hay clientes para procesar. Terminando script.
==================================================
--- Iniciando VIGILANTE v2.3 (2025-10-22 13:00:02) ---
✅ Conexión con Base de Datos exitosa.
❌ ERROR al obtener clientes: column "device_id" does not exist
LINE 2:             SELECT device_id, telefono_whatsapp, nombre, dia...
                           ^

No hay clientes para procesar. Terminando script.
==================================================
--- Iniciando VIGILANTE v2.3 (2025-10-22 14:00:02) ---
✅ Conexión con Base de Datos exitosa.
❌ ERROR al obtener clientes: column "device_id" does not exist
LINE 2:             SELECT device_id, telefono_whatsapp, nombre, dia...
                           ^

No hay clientes para procesar. Terminando script.
==================================================
--- Iniciando VIGILANTE v2.3 (2025-10-22 15:00:02) ---
✅ Conexión con Base de Datos exitosa.
❌ ERROR al obtener clientes: column "device_id" does not exist
LINE 2:             SELECT device_id, telefono_whatsapp, nombre, dia...
                           ^

No hay clientes para procesar. Terminando script.
==================================================
--- Iniciando VIGILANTE v2.3 (2025-10-22 16:00:02) ---
✅ Conexión con Base de Datos exitosa.
❌ ERROR al obtener clientes: column "device_id" does not exist
LINE 2:             SELECT device_id, telefono_whatsapp, nombre, dia...
                           ^

No hay clientes para procesar. Terminando script.
==================================================
--- Iniciando VIGILANTE v2.3 (2025-10-22 17:00:02) ---
✅ Conexión con Base de Datos exitosa.
❌ ERROR al obtener clientes: column "device_id" does not exist
LINE 2:             SELECT device_id, telefono_whatsapp, nombre, dia...
                           ^

No hay clientes para procesar. Terminando script.
==================================================
--- Iniciando VIGILANTE v2.3 (2025-10-22 18:00:03) ---
✅ Conexión con Base de Datos exitosa.
❌ ERROR al obtener clientes: column "device_id" does not exist
LINE 2:             SELECT device_id, telefono_whatsapp, nombre, dia...
                           ^

No hay clientes para procesar. Terminando script.
==================================================
--- Iniciando VIGILANTE v2.3 (2025-10-22 19:00:02) ---
✅ Conexión con Base de Datos exitosa.
❌ ERROR al obtener clientes: column "device_id" does not exist
LINE 2:             SELECT device_id, telefono_whatsapp, nombre, dia...
                           ^

No hay clientes para procesar. Terminando script.
==================================================
--- Iniciando VIGILANTE v2.3 (2025-10-22 20:00:02) ---
✅ Conexión con Base de Datos exitosa.
❌ ERROR al obtener clientes: column "device_id" does not exist
LINE 2:             SELECT device_id, telefono_whatsapp, nombre, dia...
                           ^

No hay clientes para procesar. Terminando script.
==================================================
--- Iniciando VIGILANTE v2.3 (2025-10-22 21:00:04) ---
✅ Conexión con Base de Datos exitosa.
❌ ERROR al obtener clientes: column "device_id" does not exist
LINE 2:             SELECT device_id, telefono_whatsapp, nombre, dia...
                           ^

No hay clientes para procesar. Terminando script.
==================================================
--- Iniciando VIGILANTE v2.3 (2025-10-22 22:00:02) ---
✅ Conexión con Base de Datos exitosa.
❌ ERROR al obtener clientes: column "device_id" does not exist
LINE 2:             SELECT device_id, telefono_whatsapp, nombre, dia...
                           ^

No hay clientes para procesar. Terminando script.
==================================================
--- Iniciando VIGILANTE v2.3 (2025-10-22 23:00:02) ---
✅ Conexión con Base de Datos exitosa.
❌ ERROR al obtener clientes: column "device_id" does not exist
LINE 2:             SELECT device_id, telefono_whatsapp, nombre, dia...
                           ^

No hay clientes para procesar. Terminando script.
==================================================
--- Iniciando VIGILANTE v2.3 (2025-10-23 00:00:02) ---
✅ Conexión con Base de Datos exitosa.
❌ ERROR al obtener clientes: column "device_id" does not exist
LINE 2:             SELECT device_id, telefono_whatsapp, nombre, dia...
                           ^

No hay clientes para procesar. Terminando script.
==================================================
--- Iniciando VIGILANTE v2.3 (2025-10-23 01:00:05) ---
✅ Conexión con Base de Datos exitosa.
❌ ERROR al obtener clientes: column "device_id" does not exist
LINE 2:             SELECT device_id, telefono_whatsapp, nombre, dia...
                           ^

No hay clientes para procesar. Terminando script.
==================================================
--- Iniciando VIGILANTE v2.3 (2025-10-23 02:00:03) ---
✅ Conexión con Base de Datos exitosa.
❌ ERROR al obtener clientes: column "device_id" does not exist
LINE 2:             SELECT device_id, telefono_whatsapp, nombre, dia...
                           ^

No hay clientes para procesar. Terminando script.
==================================================
--- Iniciando VIGILANTE v2.3 (2025-10-23 03:00:02) ---
✅ Conexión con Base de Datos exitosa.
❌ ERROR al obtener clientes: column "device_id" does not exist
LINE 2:             SELECT device_id, telefono_whatsapp, nombre, dia...
                           ^

No hay clientes para procesar. Terminando script.
==================================================
--- Iniciando VIGILANTE v2.3 (2025-10-23 04:00:02) ---
✅ Conexión con Base de Datos exitosa.
❌ ERROR al obtener clientes: column "device_id" does not exist
LINE 2:             SELECT device_id, telefono_whatsapp, nombre, dia...
                           ^

No hay clientes para procesar. Terminando script.
==================================================
--- Iniciando VIGILANTE v2.3 (2025-10-23 05:00:02) ---
✅ Conexión con Base de Datos exitosa.
❌ ERROR al obtener clientes: column "device_id" does not exist
LINE 2:             SELECT device_id, telefono_whatsapp, nombre, dia...
                           ^

No hay clientes para procesar. Terminando script.
==================================================
--- Iniciando VIGILANTE v2.3 (2025-10-23 06:00:02) ---
✅ Conexión con Base de Datos exitosa.
❌ ERROR al obtener clientes: column "device_id" does not exist
LINE 2:             SELECT device_id, telefono_whatsapp, nombre, dia...
                           ^

No hay clientes para procesar. Terminando script.
==================================================
--- Iniciando VIGILANTE v2.3 (2025-10-23 07:00:04) ---
✅ Conexión con Base de Datos exitosa.
❌ ERROR al obtener clientes: column "device_id" does not exist
LINE 2:             SELECT device_id, telefono_whatsapp, nombre, dia...
                           ^

No hay clientes para procesar. Terminando script.
==================================================
--- Iniciando VIGILANTE v2.3 (2025-10-23 08:00:02) ---
✅ Conexión con Base de Datos exitosa.
❌ ERROR al obtener clientes: column "device_id" does not exist
LINE 2:             SELECT device_id, telefono_whatsapp, nombre, dia...
                           ^

No hay clientes para procesar. Terminando script.
==================================================
--- Iniciando VIGILANTE v2.3 (2025-10-23 09:00:03) ---
✅ Conexión con Base de Datos exitosa.
❌ ERROR al obtener clientes: column "device_id" does not exist
LINE 2:             SELECT device_id, telefono_whatsapp, nombre, dia...
                           ^

No hay clientes para procesar. Terminando script.
==================================================
--- Iniciando VIGILANTE v2.3 (2025-10-23 10:00:02) ---
✅ Conexión con Base de Datos exitosa.
❌ ERROR al obtener clientes: column "device_id" does not exist
LINE 2:             SELECT device_id, telefono_whatsapp, nombre, dia...
                           ^

No hay clientes para procesar. Terminando script.
==================================================
--- Iniciando VIGILANTE v2.3 (2025-10-23 11:00:02) ---
✅ Conexión con Base de Datos exitosa.
❌ ERROR al obtener clientes: column "device_id" does not exist
LINE 2:             SELECT device_id, telefono_whatsapp, nombre, dia...
                           ^

No hay clientes para procesar. Terminando script.
==================================================
--- Iniciando VIGILANTE v2.3 (2025-10-23 12:00:03) ---
✅ Conexión con Base de Datos exitosa.
❌ ERROR al obtener clientes: column "device_id" does not exist
LINE 2:             SELECT device_id, telefono_whatsapp, nombre, dia...
                           ^

No hay clientes para procesar. Terminando script.
==================================================
--- Iniciando VIGILANTE v2.3 (2025-10-23 13:00:05) ---
✅ Conexión con Base de Datos exitosa.
❌ ERROR al obtener clientes: column "device_id" does not exist
LINE 2:             SELECT device_id, telefono_whatsapp, nombre, dia...
                           ^

No hay clientes para procesar. Terminando script.
==================================================
--- Iniciando VIGILANTE v2.3 (2025-10-23 14:00:02) ---
✅ Conexión con Base de Datos exitosa.
❌ ERROR al obtener clientes: column "device_id" does not exist
LINE 2:             SELECT device_id, telefono_whatsapp, nombre, dia...
                           ^

No hay clientes para procesar. Terminando script.
==================================================
--- Iniciando VIGILANTE v2.3 (2025-10-23 15:00:02) ---
✅ Conexión con Base de Datos exitosa.
❌ ERROR al obtener clientes: column "device_id" does not exist
LINE 2:             SELECT device_id, telefono_whatsapp, nombre, dia...
                           ^

No hay clientes para procesar. Terminando script.
==================================================
--- Iniciando VIGILANTE v2.3 (2025-10-23 16:00:02) ---
✅ Conexión con Base de Datos exitosa.
❌ ERROR al obtener clientes: column "device_id" does not exist
LINE 2:             SELECT device_id, telefono_whatsapp, nombre, dia...
                           ^

No hay clientes para procesar. Terminando script.
==================================================
--- Iniciando VIGILANTE v2.3 (2025-10-23 17:00:02) ---
✅ Conexión con Base de Datos exitosa.
❌ ERROR al obtener clientes: column "device_id" does not exist
LINE 2:             SELECT device_id, telefono_whatsapp, nombre, dia...
                           ^

No hay clientes para procesar. Terminando script.
==================================================
--- Iniciando VIGILANTE v2.3 (2025-10-23 18:00:02) ---
✅ Conexión con Base de Datos exitosa.
❌ ERROR al obtener clientes: column "device_id" does not exist
LINE 2:             SELECT device_id, telefono_whatsapp, nombre, dia...
                           ^

No hay clientes para procesar. Terminando script.
==================================================
--- Iniciando VIGILANTE v2.3 (2025-10-23 19:00:02) ---
✅ Conexión con Base de Datos exitosa.
❌ ERROR al obtener clientes: column "device_id" does not exist
LINE 2:             SELECT device_id, telefono_whatsapp, nombre, dia...
                           ^

No hay clientes para procesar. Terminando script.
==================================================
--- Iniciando VIGILANTE v2.3 (2025-10-23 20:00:02) ---
✅ Conexión con Base de Datos exitosa.
❌ ERROR al obtener clientes: column "device_id" does not exist
LINE 2:             SELECT device_id, telefono_whatsapp, nombre, dia...
                           ^

No hay clientes para procesar. Terminando script.
==================================================
--- Iniciando VIGILANTE v2.3 (2025-10-23 21:00:01) ---
✅ Conexión con Base de Datos exitosa.
❌ ERROR al obtener clientes: column "device_id" does not exist
LINE 2:             SELECT device_id, telefono_whatsapp, nombre, dia...
                           ^

No hay clientes para procesar. Terminando script.
==================================================
--- Iniciando VIGILANTE v2.3 (2025-10-23 22:00:02) ---
✅ Conexión con Base de Datos exitosa.
❌ ERROR al obtener clientes: column "device_id" does not exist
LINE 2:             SELECT device_id, telefono_whatsapp, nombre, dia...
                           ^

No hay clientes para procesar. Terminando script.
==================================================
--- Iniciando VIGILANTE v2.3 (2025-10-23 23:00:02) ---
✅ Conexión con Base de Datos exitosa.
❌ ERROR al obtener clientes: column "device_id" does not exist
LINE 2:             SELECT device_id, telefono_whatsapp, nombre, dia...
                           ^

No hay clientes para procesar. Terminando script.
==================================================
--- Iniciando VIGILANTE v2.3 (2025-10-24 00:00:01) ---
✅ Conexión con Base de Datos exitosa.
❌ ERROR al obtener clientes: column "device_id" does not exist
LINE 2:             SELECT device_id, telefono_whatsapp, nombre, dia...
                           ^

No hay clientes para procesar. Terminando script.
==================================================
--- Iniciando VIGILANTE v2.3 (2025-10-24 01:00:02) ---
✅ Conexión con Base de Datos exitosa.
❌ ERROR al obtener clientes: column "device_id" does not exist
LINE 2:             SELECT device_id, telefono_whatsapp, nombre, dia...
                           ^

No hay clientes para procesar. Terminando script.
==================================================
--- Iniciando VIGILANTE v2.3 (2025-10-24 02:00:02) ---
✅ Conexión con Base de Datos exitosa.
❌ ERROR al obtener clientes: column "device_id" does not exist
LINE 2:             SELECT device_id, telefono_whatsapp, nombre, dia...
                           ^

No hay clientes para procesar. Terminando script.
==================================================
--- Iniciando VIGILANTE v2.3 (2025-10-24 03:00:01) ---
✅ Conexión con Base de Datos exitosa.
❌ ERROR al obtener clientes: column "device_id" does not exist
LINE 2:             SELECT device_id, telefono_whatsapp, nombre, dia...
                           ^

No hay clientes para procesar. Terminando script.
==================================================
--- Iniciando VIGILANTE v2.3 (2025-10-24 04:00:02) ---
✅ Conexión con Base de Datos exitosa.
❌ ERROR al obtener clientes: column "device_id" does not exist
LINE 2:             SELECT device_id, telefono_whatsapp, nombre, dia...
                           ^

No hay clientes para procesar. Terminando script.
==================================================
--- Iniciando VIGILANTE v2.3 (2025-10-24 05:00:04) ---
✅ Conexión con Base de Datos exitosa.
❌ ERROR al obtener clientes: column "device_id" does not exist
LINE 2:             SELECT device_id, telefono_whatsapp, nombre, dia...
                           ^

No hay clientes para procesar. Terminando script.
==================================================
--- Iniciando VIGILANTE v2.3 (2025-10-24 06:00:08) ---
✅ Conexión con Base de Datos exitosa.
❌ ERROR al obtener clientes: column "device_id" does not exist
LINE 2:             SELECT device_id, telefono_whatsapp, nombre, dia...
                           ^

No hay clientes para procesar. Terminando script.
==================================================
--- Iniciando VIGILANTE v2.3 (2025-10-24 07:00:07) ---
✅ Conexión con Base de Datos exitosa.
❌ ERROR al obtener clientes: column "device_id" does not exist
LINE 2:             SELECT device_id, telefono_whatsapp, nombre, dia...
                           ^

No hay clientes para procesar. Terminando script.
==================================================
--- Iniciando VIGILANTE v2.3 (2025-10-24 08:00:08) ---
✅ Conexión con Base de Datos exitosa.
❌ ERROR al obtener clientes: column "device_id" does not exist
LINE 2:             SELECT device_id, telefono_whatsapp, nombre, dia...
                           ^

No hay clientes para procesar. Terminando script.
==================================================
--- Iniciando VIGILANTE v2.3 (2025-10-24 09:00:06) ---
✅ Conexión con Base de Datos exitosa.
❌ ERROR al obtener clientes: column "device_id" does not exist
LINE 2:             SELECT device_id, telefono_whatsapp, nombre, dia...
                           ^

No hay clientes para procesar. Terminando script.
==================================================
--- Iniciando VIGILANTE v2.3 (2025-10-24 10:00:02) ---
✅ Conexión con Base de Datos exitosa.
❌ ERROR al obtener clientes: column "device_id" does not exist
LINE 2:             SELECT device_id, telefono_whatsapp, nombre, dia...
                           ^

No hay clientes para procesar. Terminando script.
==================================================
--- Iniciando VIGILANTE v2.3 (2025-10-24 11:00:03) ---
✅ Conexión con Base de Datos exitosa.
❌ ERROR al obtener clientes: column "device_id" does not exist
LINE 2:             SELECT device_id, telefono_whatsapp, nombre, dia...
                           ^

No hay clientes para procesar. Terminando script.
==================================================
--- Iniciando VIGILANTE v2.3 (2025-10-24 12:00:06) ---
✅ Conexión con Base de Datos exitosa.
❌ ERROR al obtener clientes: column "device_id" does not exist
LINE 2:             SELECT device_id, telefono_whatsapp, nombre, dia...
                           ^

No hay clientes para procesar. Terminando script.
==================================================
--- Iniciando VIGILANTE v2.3 (2025-10-24 13:00:05) ---
✅ Conexión con Base de Datos exitosa.
❌ ERROR al obtener clientes: column "device_id" does not exist
LINE 2:             SELECT device_id, telefono_whatsapp, nombre, dia...
                           ^

No hay clientes para procesar. Terminando script.
==================================================
--- Iniciando VIGILANTE v2.3 (2025-10-24 14:00:04) ---
✅ Conexión con Base de Datos exitosa.
❌ ERROR al obtener clientes: column "device_id" does not exist
LINE 2:             SELECT device_id, telefono_whatsapp, nombre, dia...
                           ^

No hay clientes para procesar. Terminando script.
==================================================
--- Iniciando VIGILANTE v2.3 (2025-10-24 15:00:05) ---
✅ Conexión con Base de Datos exitosa.
❌ ERROR al obtener clientes: column "device_id" does not exist
LINE 2:             SELECT device_id, telefono_whatsapp, nombre, dia...
                           ^

No hay clientes para procesar. Terminando script.
==================================================
--- Iniciando VIGILANTE v2.3 (2025-10-24 16:00:03) ---
✅ Conexión con Base de Datos exitosa.
❌ ERROR al obtener clientes: column "device_id" does not exist
LINE 2:             SELECT device_id, telefono_whatsapp, nombre, dia...
                           ^

No hay clientes para procesar. Terminando script.
==================================================
--- Iniciando VIGILANTE v2.3 (2025-10-24 17:00:02) ---
✅ Conexión con Base de Datos exitosa.
❌ ERROR al obtener clientes: column "device_id" does not exist
LINE 2:             SELECT device_id, telefono_whatsapp, nombre, dia...
                           ^

No hay clientes para procesar. Terminando script.
==================================================
--- Iniciando VIGILANTE v2.3 (2025-10-24 18:00:02) ---
✅ Conexión con Base de Datos exitosa.
❌ ERROR al obtener clientes: column "device_id" does not exist
LINE 2:             SELECT device_id, telefono_whatsapp, nombre, dia...
                           ^

No hay clientes para procesar. Terminando script.
==================================================
--- Iniciando VIGILANTE v2.3 (2025-10-24 19:00:02) ---
✅ Conexión con Base de Datos exitosa.
❌ ERROR al obtener clientes: column "device_id" does not exist
LINE 2:             SELECT device_id, telefono_whatsapp, nombre, dia...
                           ^

No hay clientes para procesar. Terminando script.
python-dotenv could not parse statement starting at line 48
python-dotenv could not parse statement starting at line 49
==================================================
--- Iniciando VIGILANTE v2.3 (2025-10-24 20:00:06) ---
✅ Conexión con Base de Datos exitosa.
❌ ERROR al obtener clientes: column "device_id" does not exist
LINE 2:             SELECT device_id, telefono_whatsapp, nombre, dia...
                           ^

No hay clientes para procesar. Terminando script.
==================================================
--- Iniciando VIGILANTE v2.3 (2025-10-24 21:00:02) ---
✅ Conexión con Base de Datos exitosa.
❌ ERROR al obtener clientes: column "device_id" does not exist
LINE 2:             SELECT device_id, telefono_whatsapp, nombre, dia...
                           ^

No hay clientes para procesar. Terminando script.
==================================================
--- Iniciando VIGILANTE v2.3 (2025-10-24 22:00:04) ---
✅ Conexión con Base de Datos exitosa.
❌ ERROR al obtener clientes: column "device_id" does not exist
LINE 2:             SELECT device_id, telefono_whatsapp, nombre, dia...
                           ^

No hay clientes para procesar. Terminando script.
==================================================
--- Iniciando VIGILANTE v2.3 (2025-10-24 23:00:05) ---
✅ Conexión con Base de Datos exitosa.
❌ ERROR al obtener clientes: column "device_id" does not exist
LINE 2:             SELECT device_id, telefono_whatsapp, nombre, dia...
                           ^

No hay clientes para procesar. Terminando script.
==================================================
--- Iniciando VIGILANTE v2.3 (2025-10-25 00:00:02) ---
✅ Conexión con Base de Datos exitosa.
❌ ERROR al obtener clientes: column "device_id" does not exist
LINE 2:             SELECT device_id, telefono_whatsapp, nombre, dia...
                           ^

No hay clientes para procesar. Terminando script.
